YCSB Client 0.1
Command line: -db com.yahoo.ycsb.db.HBaseClient -P workloads/workloada -P large.dat -p columnfamily=family -threads 450 -target 45000 -t
[OVERALL], RunTime(ms), 5260.0
[OVERALL], Throughput(ops/sec), 18992.395437262356
[UPDATE], Operations, 49661
[UPDATE], AverageLatency(us), 4369.049153259097
[UPDATE], MinLatency(us), 1
[UPDATE], MaxLatency(us), 1026797
[UPDATE], 95thPercentileLatency(ms), 0
[UPDATE], 99thPercentileLatency(ms), 0
[UPDATE], Return=0, 49661
[UPDATE], 0, 49406
[UPDATE], 1, 7
[UPDATE], 2, 1
[UPDATE], 3, 0
[UPDATE], 4, 0
[UPDATE], 5, 0
[UPDATE], 6, 0
[UPDATE], 7, 0
[UPDATE], 8, 0
[UPDATE], 9, 0
[UPDATE], 10, 0
[UPDATE], 11, 0
[UPDATE], 12, 0
[UPDATE], 13, 0
[UPDATE], 14, 0
[UPDATE], 15, 0
[UPDATE], 16, 0
[UPDATE], 17, 0
[UPDATE], 18, 0
[UPDATE], 19, 1
[UPDATE], 20, 0
[UPDATE], 21, 0
[UPDATE], 22, 0
[UPDATE], 23, 0
[UPDATE], 24, 0
[UPDATE], 25, 0
[UPDATE], 26, 1
[UPDATE], 27, 0
[UPDATE], 28, 0
[UPDATE], 29, 0
[UPDATE], 30, 0
[UPDATE], 31, 0
[UPDATE], 32, 0
[UPDATE], 33, 0
[UPDATE], 34, 0
[UPDATE], 35, 0
[UPDATE], 36, 0
[UPDATE], 37, 0
[UPDATE], 38, 0
[UPDATE], 39, 0
[UPDATE], 40, 0
[UPDATE], 41, 0
[UPDATE], 42, 0
[UPDATE], 43, 0
[UPDATE], 44, 0
[UPDATE], 45, 0
[UPDATE], 46, 0
[UPDATE], 47, 0
[UPDATE], 48, 0
[UPDATE], 49, 0
[UPDATE], 50, 0
[UPDATE], 51, 0
[UPDATE], 52, 0
[UPDATE], 53, 0
[UPDATE], 54, 0
[UPDATE], 55, 0
[UPDATE], 56, 0
[UPDATE], 57, 0
[UPDATE], 58, 0
[UPDATE], 59, 0
[UPDATE], 60, 0
[UPDATE], 61, 0
[UPDATE], 62, 0
[UPDATE], 63, 0
[UPDATE], 64, 0
[UPDATE], 65, 0
[UPDATE], 66, 0
[UPDATE], 67, 0
[UPDATE], 68, 0
[UPDATE], 69, 0
[UPDATE], 70, 0
[UPDATE], 71, 0
[UPDATE], 72, 0
[UPDATE], 73, 0
[UPDATE], 74, 0
[UPDATE], 75, 0
[UPDATE], 76, 0
[UPDATE], 77, 0
[UPDATE], 78, 0
[UPDATE], 79, 0
[UPDATE], 80, 0
[UPDATE], 81, 0
[UPDATE], 82, 0
[UPDATE], 83, 0
[UPDATE], 84, 0
[UPDATE], 85, 0
[UPDATE], 86, 0
[UPDATE], 87, 0
[UPDATE], 88, 0
[UPDATE], 89, 0
[UPDATE], 90, 0
[UPDATE], 91, 0
[UPDATE], 92, 0
[UPDATE], 93, 0
[UPDATE], 94, 0
[UPDATE], 95, 0
[UPDATE], 96, 0
[UPDATE], 97, 0
[UPDATE], 98, 0
[UPDATE], 99, 0
[UPDATE], 100, 0
[UPDATE], 101, 0
[UPDATE], 102, 0
[UPDATE], 103, 0
[UPDATE], 104, 0
[UPDATE], 105, 0
[UPDATE], 106, 0
[UPDATE], 107, 0
[UPDATE], 108, 0
[UPDATE], 109, 0
[UPDATE], 110, 0
[UPDATE], 111, 0
[UPDATE], 112, 0
[UPDATE], 113, 0
[UPDATE], 114, 0
[UPDATE], 115, 0
[UPDATE], 116, 0
[UPDATE], 117, 0
[UPDATE], 118, 0
[UPDATE], 119, 0
[UPDATE], 120, 0
[UPDATE], 121, 0
[UPDATE], 122, 0
[UPDATE], 123, 0
[UPDATE], 124, 0
[UPDATE], 125, 0
[UPDATE], 126, 0
[UPDATE], 127, 0
[UPDATE], 128, 0
[UPDATE], 129, 0
[UPDATE], 130, 0
[UPDATE], 131, 0
[UPDATE], 132, 0
[UPDATE], 133, 0
[UPDATE], 134, 0
[UPDATE], 135, 0
[UPDATE], 136, 0
[UPDATE], 137, 0
[UPDATE], 138, 0
[UPDATE], 139, 0
[UPDATE], 140, 0
[UPDATE], 141, 0
[UPDATE], 142, 0
[UPDATE], 143, 0
[UPDATE], 144, 0
[UPDATE], 145, 0
[UPDATE], 146, 0
[UPDATE], 147, 0
[UPDATE], 148, 0
[UPDATE], 149, 0
[UPDATE], 150, 0
[UPDATE], 151, 0
[UPDATE], 152, 0
[UPDATE], 153, 0
[UPDATE], 154, 0
[UPDATE], 155, 0
[UPDATE], 156, 0
[UPDATE], 157, 0
[UPDATE], 158, 0
[UPDATE], 159, 0
[UPDATE], 160, 0
[UPDATE], 161, 0
[UPDATE], 162, 0
[UPDATE], 163, 0
[UPDATE], 164, 0
[UPDATE], 165, 0
[UPDATE], 166, 0
[UPDATE], 167, 0
[UPDATE], 168, 0
[UPDATE], 169, 0
[UPDATE], 170, 0
[UPDATE], 171, 0
[UPDATE], 172, 0
[UPDATE], 173, 0
[UPDATE], 174, 0
[UPDATE], 175, 0
[UPDATE], 176, 0
[UPDATE], 177, 0
[UPDATE], 178, 0
[UPDATE], 179, 0
[UPDATE], 180, 0
[UPDATE], 181, 0
[UPDATE], 182, 0
[UPDATE], 183, 0
[UPDATE], 184, 0
[UPDATE], 185, 0
[UPDATE], 186, 0
[UPDATE], 187, 0
[UPDATE], 188, 0
[UPDATE], 189, 0
[UPDATE], 190, 0
[UPDATE], 191, 0
[UPDATE], 192, 0
[UPDATE], 193, 0
[UPDATE], 194, 0
[UPDATE], 195, 0
[UPDATE], 196, 0
[UPDATE], 197, 0
[UPDATE], 198, 0
[UPDATE], 199, 0
[UPDATE], 200, 0
[UPDATE], 201, 0
[UPDATE], 202, 0
[UPDATE], 203, 0
[UPDATE], 204, 0
[UPDATE], 205, 0
[UPDATE], 206, 0
[UPDATE], 207, 0
[UPDATE], 208, 0
[UPDATE], 209, 0
[UPDATE], 210, 0
[UPDATE], 211, 0
[UPDATE], 212, 0
[UPDATE], 213, 0
[UPDATE], 214, 0
[UPDATE], 215, 0
[UPDATE], 216, 0
[UPDATE], 217, 0
[UPDATE], 218, 0
[UPDATE], 219, 0
[UPDATE], 220, 0
[UPDATE], 221, 0
[UPDATE], 222, 0
[UPDATE], 223, 0
[UPDATE], 224, 0
[UPDATE], 225, 0
[UPDATE], 226, 0
[UPDATE], 227, 0
[UPDATE], 228, 0
[UPDATE], 229, 0
[UPDATE], 230, 0
[UPDATE], 231, 0
[UPDATE], 232, 0
[UPDATE], 233, 0
[UPDATE], 234, 0
[UPDATE], 235, 0
[UPDATE], 236, 0
[UPDATE], 237, 0
[UPDATE], 238, 0
[UPDATE], 239, 0
[UPDATE], 240, 0
[UPDATE], 241, 0
[UPDATE], 242, 0
[UPDATE], 243, 0
[UPDATE], 244, 0
[UPDATE], 245, 0
[UPDATE], 246, 0
[UPDATE], 247, 0
[UPDATE], 248, 0
[UPDATE], 249, 0
[UPDATE], 250, 0
[UPDATE], 251, 0
[UPDATE], 252, 0
[UPDATE], 253, 0
[UPDATE], 254, 0
[UPDATE], 255, 0
[UPDATE], 256, 0
[UPDATE], 257, 0
[UPDATE], 258, 0
[UPDATE], 259, 0
[UPDATE], 260, 0
[UPDATE], 261, 0
[UPDATE], 262, 0
[UPDATE], 263, 0
[UPDATE], 264, 0
[UPDATE], 265, 0
[UPDATE], 266, 0
[UPDATE], 267, 0
[UPDATE], 268, 0
[UPDATE], 269, 0
[UPDATE], 270, 0
[UPDATE], 271, 0
[UPDATE], 272, 0
[UPDATE], 273, 0
[UPDATE], 274, 0
[UPDATE], 275, 0
[UPDATE], 276, 0
[UPDATE], 277, 0
[UPDATE], 278, 0
[UPDATE], 279, 0
[UPDATE], 280, 0
[UPDATE], 281, 0
[UPDATE], 282, 0
[UPDATE], 283, 0
[UPDATE], 284, 0
[UPDATE], 285, 0
[UPDATE], 286, 0
[UPDATE], 287, 0
[UPDATE], 288, 0
[UPDATE], 289, 0
[UPDATE], 290, 0
[UPDATE], 291, 0
[UPDATE], 292, 0
[UPDATE], 293, 0
[UPDATE], 294, 0
[UPDATE], 295, 0
[UPDATE], 296, 0
[UPDATE], 297, 0
[UPDATE], 298, 0
[UPDATE], 299, 0
[UPDATE], 300, 0
[UPDATE], 301, 0
[UPDATE], 302, 0
[UPDATE], 303, 0
[UPDATE], 304, 0
[UPDATE], 305, 0
[UPDATE], 306, 0
[UPDATE], 307, 0
[UPDATE], 308, 0
[UPDATE], 309, 0
[UPDATE], 310, 0
[UPDATE], 311, 0
[UPDATE], 312, 0
[UPDATE], 313, 0
[UPDATE], 314, 0
[UPDATE], 315, 0
[UPDATE], 316, 0
[UPDATE], 317, 0
[UPDATE], 318, 0
[UPDATE], 319, 0
[UPDATE], 320, 0
[UPDATE], 321, 0
[UPDATE], 322, 0
[UPDATE], 323, 0
[UPDATE], 324, 0
[UPDATE], 325, 0
[UPDATE], 326, 0
[UPDATE], 327, 0
[UPDATE], 328, 0
[UPDATE], 329, 0
[UPDATE], 330, 0
[UPDATE], 331, 0
[UPDATE], 332, 0
[UPDATE], 333, 0
[UPDATE], 334, 0
[UPDATE], 335, 0
[UPDATE], 336, 0
[UPDATE], 337, 0
[UPDATE], 338, 0
[UPDATE], 339, 0
[UPDATE], 340, 0
[UPDATE], 341, 0
[UPDATE], 342, 0
[UPDATE], 343, 0
[UPDATE], 344, 0
[UPDATE], 345, 0
[UPDATE], 346, 0
[UPDATE], 347, 0
[UPDATE], 348, 0
[UPDATE], 349, 0
[UPDATE], 350, 0
[UPDATE], 351, 0
[UPDATE], 352, 0
[UPDATE], 353, 0
[UPDATE], 354, 0
[UPDATE], 355, 0
[UPDATE], 356, 0
[UPDATE], 357, 0
[UPDATE], 358, 0
[UPDATE], 359, 0
[UPDATE], 360, 0
[UPDATE], 361, 0
[UPDATE], 362, 0
[UPDATE], 363, 0
[UPDATE], 364, 0
[UPDATE], 365, 0
[UPDATE], 366, 0
[UPDATE], 367, 0
[UPDATE], 368, 0
[UPDATE], 369, 0
[UPDATE], 370, 0
[UPDATE], 371, 0
[UPDATE], 372, 0
[UPDATE], 373, 0
[UPDATE], 374, 0
[UPDATE], 375, 0
[UPDATE], 376, 0
[UPDATE], 377, 0
[UPDATE], 378, 0
[UPDATE], 379, 0
[UPDATE], 380, 0
[UPDATE], 381, 0
[UPDATE], 382, 0
[UPDATE], 383, 0
[UPDATE], 384, 0
[UPDATE], 385, 0
[UPDATE], 386, 0
[UPDATE], 387, 0
[UPDATE], 388, 0
[UPDATE], 389, 0
[UPDATE], 390, 0
[UPDATE], 391, 0
[UPDATE], 392, 0
[UPDATE], 393, 0
[UPDATE], 394, 0
[UPDATE], 395, 0
[UPDATE], 396, 0
[UPDATE], 397, 0
[UPDATE], 398, 0
[UPDATE], 399, 0
[UPDATE], 400, 0
[UPDATE], 401, 0
[UPDATE], 402, 0
[UPDATE], 403, 0
[UPDATE], 404, 0
[UPDATE], 405, 0
[UPDATE], 406, 0
[UPDATE], 407, 0
[UPDATE], 408, 0
[UPDATE], 409, 0
[UPDATE], 410, 0
[UPDATE], 411, 0
[UPDATE], 412, 0
[UPDATE], 413, 0
[UPDATE], 414, 0
[UPDATE], 415, 0
[UPDATE], 416, 0
[UPDATE], 417, 0
[UPDATE], 418, 0
[UPDATE], 419, 0
[UPDATE], 420, 0
[UPDATE], 421, 0
[UPDATE], 422, 0
[UPDATE], 423, 0
[UPDATE], 424, 0
[UPDATE], 425, 0
[UPDATE], 426, 0
[UPDATE], 427, 0
[UPDATE], 428, 0
[UPDATE], 429, 0
[UPDATE], 430, 0
[UPDATE], 431, 0
[UPDATE], 432, 0
[UPDATE], 433, 0
[UPDATE], 434, 0
[UPDATE], 435, 0
[UPDATE], 436, 0
[UPDATE], 437, 0
[UPDATE], 438, 0
[UPDATE], 439, 0
[UPDATE], 440, 0
[UPDATE], 441, 0
[UPDATE], 442, 0
[UPDATE], 443, 0
[UPDATE], 444, 0
[UPDATE], 445, 0
[UPDATE], 446, 0
[UPDATE], 447, 0
[UPDATE], 448, 0
[UPDATE], 449, 0
[UPDATE], 450, 0
[UPDATE], 451, 0
[UPDATE], 452, 0
[UPDATE], 453, 0
[UPDATE], 454, 0
[UPDATE], 455, 0
[UPDATE], 456, 0
[UPDATE], 457, 0
[UPDATE], 458, 0
[UPDATE], 459, 0
[UPDATE], 460, 0
[UPDATE], 461, 0
[UPDATE], 462, 0
[UPDATE], 463, 0
[UPDATE], 464, 0
[UPDATE], 465, 0
[UPDATE], 466, 0
[UPDATE], 467, 0
[UPDATE], 468, 0
[UPDATE], 469, 0
[UPDATE], 470, 0
[UPDATE], 471, 0
[UPDATE], 472, 0
[UPDATE], 473, 0
[UPDATE], 474, 0
[UPDATE], 475, 0
[UPDATE], 476, 0
[UPDATE], 477, 0
[UPDATE], 478, 0
[UPDATE], 479, 0
[UPDATE], 480, 0
[UPDATE], 481, 0
[UPDATE], 482, 0
[UPDATE], 483, 0
[UPDATE], 484, 0
[UPDATE], 485, 0
[UPDATE], 486, 0
[UPDATE], 487, 0
[UPDATE], 488, 0
[UPDATE], 489, 0
[UPDATE], 490, 0
[UPDATE], 491, 0
[UPDATE], 492, 0
[UPDATE], 493, 0
[UPDATE], 494, 0
[UPDATE], 495, 0
[UPDATE], 496, 0
[UPDATE], 497, 0
[UPDATE], 498, 0
[UPDATE], 499, 0
[UPDATE], 500, 0
[UPDATE], 501, 0
[UPDATE], 502, 0
[UPDATE], 503, 0
[UPDATE], 504, 0
[UPDATE], 505, 0
[UPDATE], 506, 0
[UPDATE], 507, 0
[UPDATE], 508, 0
[UPDATE], 509, 0
[UPDATE], 510, 0
[UPDATE], 511, 0
[UPDATE], 512, 0
[UPDATE], 513, 0
[UPDATE], 514, 0
[UPDATE], 515, 0
[UPDATE], 516, 0
[UPDATE], 517, 0
[UPDATE], 518, 0
[UPDATE], 519, 0
[UPDATE], 520, 0
[UPDATE], 521, 0
[UPDATE], 522, 0
[UPDATE], 523, 0
[UPDATE], 524, 0
[UPDATE], 525, 0
[UPDATE], 526, 0
[UPDATE], 527, 0
[UPDATE], 528, 0
[UPDATE], 529, 0
[UPDATE], 530, 0
[UPDATE], 531, 0
[UPDATE], 532, 0
[UPDATE], 533, 0
[UPDATE], 534, 0
[UPDATE], 535, 0
[UPDATE], 536, 0
[UPDATE], 537, 0
[UPDATE], 538, 0
[UPDATE], 539, 0
[UPDATE], 540, 0
[UPDATE], 541, 0
[UPDATE], 542, 0
[UPDATE], 543, 0
[UPDATE], 544, 0
[UPDATE], 545, 0
[UPDATE], 546, 0
[UPDATE], 547, 0
[UPDATE], 548, 0
[UPDATE], 549, 0
[UPDATE], 550, 0
[UPDATE], 551, 0
[UPDATE], 552, 0
[UPDATE], 553, 0
[UPDATE], 554, 0
[UPDATE], 555, 0
[UPDATE], 556, 0
[UPDATE], 557, 0
[UPDATE], 558, 0
[UPDATE], 559, 0
[UPDATE], 560, 0
[UPDATE], 561, 0
[UPDATE], 562, 0
[UPDATE], 563, 0
[UPDATE], 564, 0
[UPDATE], 565, 0
[UPDATE], 566, 0
[UPDATE], 567, 0
[UPDATE], 568, 0
[UPDATE], 569, 0
[UPDATE], 570, 0
[UPDATE], 571, 0
[UPDATE], 572, 0
[UPDATE], 573, 0
[UPDATE], 574, 0
[UPDATE], 575, 0
[UPDATE], 576, 0
[UPDATE], 577, 0
[UPDATE], 578, 0
[UPDATE], 579, 0
[UPDATE], 580, 0
[UPDATE], 581, 0
[UPDATE], 582, 0
[UPDATE], 583, 0
[UPDATE], 584, 0
[UPDATE], 585, 0
[UPDATE], 586, 0
[UPDATE], 587, 0
[UPDATE], 588, 0
[UPDATE], 589, 0
[UPDATE], 590, 0
[UPDATE], 591, 0
[UPDATE], 592, 0
[UPDATE], 593, 0
[UPDATE], 594, 0
[UPDATE], 595, 0
[UPDATE], 596, 0
[UPDATE], 597, 0
[UPDATE], 598, 0
[UPDATE], 599, 0
[UPDATE], 600, 0
[UPDATE], 601, 0
[UPDATE], 602, 0
[UPDATE], 603, 0
[UPDATE], 604, 0
[UPDATE], 605, 0
[UPDATE], 606, 0
[UPDATE], 607, 0
[UPDATE], 608, 0
[UPDATE], 609, 0
[UPDATE], 610, 0
[UPDATE], 611, 0
[UPDATE], 612, 0
[UPDATE], 613, 0
[UPDATE], 614, 0
[UPDATE], 615, 0
[UPDATE], 616, 0
[UPDATE], 617, 0
[UPDATE], 618, 0
[UPDATE], 619, 0
[UPDATE], 620, 0
[UPDATE], 621, 0
[UPDATE], 622, 0
[UPDATE], 623, 0
[UPDATE], 624, 0
[UPDATE], 625, 0
[UPDATE], 626, 0
[UPDATE], 627, 0
[UPDATE], 628, 0
[UPDATE], 629, 0
[UPDATE], 630, 0
[UPDATE], 631, 0
[UPDATE], 632, 0
[UPDATE], 633, 0
[UPDATE], 634, 0
[UPDATE], 635, 0
[UPDATE], 636, 0
[UPDATE], 637, 0
[UPDATE], 638, 0
[UPDATE], 639, 0
[UPDATE], 640, 0
[UPDATE], 641, 0
[UPDATE], 642, 0
[UPDATE], 643, 0
[UPDATE], 644, 0
[UPDATE], 645, 0
[UPDATE], 646, 0
[UPDATE], 647, 0
[UPDATE], 648, 0
[UPDATE], 649, 0
[UPDATE], 650, 0
[UPDATE], 651, 0
[UPDATE], 652, 0
[UPDATE], 653, 0
[UPDATE], 654, 0
[UPDATE], 655, 0
[UPDATE], 656, 0
[UPDATE], 657, 0
[UPDATE], 658, 0
[UPDATE], 659, 0
[UPDATE], 660, 0
[UPDATE], 661, 0
[UPDATE], 662, 0
[UPDATE], 663, 0
[UPDATE], 664, 0
[UPDATE], 665, 0
[UPDATE], 666, 0
[UPDATE], 667, 0
[UPDATE], 668, 0
[UPDATE], 669, 0
[UPDATE], 670, 0
[UPDATE], 671, 0
[UPDATE], 672, 0
[UPDATE], 673, 0
[UPDATE], 674, 0
[UPDATE], 675, 0
[UPDATE], 676, 0
[UPDATE], 677, 0
[UPDATE], 678, 0
[UPDATE], 679, 0
[UPDATE], 680, 0
[UPDATE], 681, 0
[UPDATE], 682, 0
[UPDATE], 683, 0
[UPDATE], 684, 0
[UPDATE], 685, 0
[UPDATE], 686, 0
[UPDATE], 687, 0
[UPDATE], 688, 0
[UPDATE], 689, 0
[UPDATE], 690, 0
[UPDATE], 691, 0
[UPDATE], 692, 0
[UPDATE], 693, 0
[UPDATE], 694, 0
[UPDATE], 695, 0
[UPDATE], 696, 0
[UPDATE], 697, 0
[UPDATE], 698, 0
[UPDATE], 699, 0
[UPDATE], 700, 0
[UPDATE], 701, 0
[UPDATE], 702, 0
[UPDATE], 703, 1
[UPDATE], 704, 0
[UPDATE], 705, 1
[UPDATE], 706, 2
[UPDATE], 707, 4
[UPDATE], 708, 4
[UPDATE], 709, 1
[UPDATE], 710, 0
[UPDATE], 711, 1
[UPDATE], 712, 1
[UPDATE], 713, 1
[UPDATE], 714, 1
[UPDATE], 715, 1
[UPDATE], 716, 1
[UPDATE], 717, 0
[UPDATE], 718, 0
[UPDATE], 719, 1
[UPDATE], 720, 1
[UPDATE], 721, 1
[UPDATE], 722, 1
[UPDATE], 723, 0
[UPDATE], 724, 1
[UPDATE], 725, 0
[UPDATE], 726, 0
[UPDATE], 727, 0
[UPDATE], 728, 0
[UPDATE], 729, 1
[UPDATE], 730, 1
[UPDATE], 731, 1
[UPDATE], 732, 0
[UPDATE], 733, 1
[UPDATE], 734, 0
[UPDATE], 735, 1
[UPDATE], 736, 0
[UPDATE], 737, 0
[UPDATE], 738, 0
[UPDATE], 739, 1
[UPDATE], 740, 1
[UPDATE], 741, 1
[UPDATE], 742, 0
[UPDATE], 743, 0
[UPDATE], 744, 0
[UPDATE], 745, 1
[UPDATE], 746, 0
[UPDATE], 747, 0
[UPDATE], 748, 1
[UPDATE], 749, 1
[UPDATE], 750, 0
[UPDATE], 751, 1
[UPDATE], 752, 1
[UPDATE], 753, 2
[UPDATE], 754, 0
[UPDATE], 755, 1
[UPDATE], 756, 0
[UPDATE], 757, 2
[UPDATE], 758, 1
[UPDATE], 759, 1
[UPDATE], 760, 1
[UPDATE], 761, 1
[UPDATE], 762, 0
[UPDATE], 763, 1
[UPDATE], 764, 1
[UPDATE], 765, 0
[UPDATE], 766, 0
[UPDATE], 767, 0
[UPDATE], 768, 0
[UPDATE], 769, 1
[UPDATE], 770, 1
[UPDATE], 771, 0
[UPDATE], 772, 0
[UPDATE], 773, 1
[UPDATE], 774, 1
[UPDATE], 775, 0
[UPDATE], 776, 0
[UPDATE], 777, 1
[UPDATE], 778, 1
[UPDATE], 779, 1
[UPDATE], 780, 0
[UPDATE], 781, 0
[UPDATE], 782, 0
[UPDATE], 783, 1
[UPDATE], 784, 1
[UPDATE], 785, 0
[UPDATE], 786, 1
[UPDATE], 787, 0
[UPDATE], 788, 0
[UPDATE], 789, 1
[UPDATE], 790, 1
[UPDATE], 791, 2
[UPDATE], 792, 0
[UPDATE], 793, 1
[UPDATE], 794, 1
[UPDATE], 795, 1
[UPDATE], 796, 0
[UPDATE], 797, 0
[UPDATE], 798, 1
[UPDATE], 799, 0
[UPDATE], 800, 2
[UPDATE], 801, 1
[UPDATE], 802, 1
[UPDATE], 803, 1
[UPDATE], 804, 1
[UPDATE], 805, 1
[UPDATE], 806, 1
[UPDATE], 807, 0
[UPDATE], 808, 0
[UPDATE], 809, 1
[UPDATE], 810, 0
[UPDATE], 811, 1
[UPDATE], 812, 0
[UPDATE], 813, 1
[UPDATE], 814, 0
[UPDATE], 815, 1
[UPDATE], 816, 0
[UPDATE], 817, 1
[UPDATE], 818, 1
[UPDATE], 819, 0
[UPDATE], 820, 0
[UPDATE], 821, 1
[UPDATE], 822, 0
[UPDATE], 823, 1
[UPDATE], 824, 1
[UPDATE], 825, 2
[UPDATE], 826, 1
[UPDATE], 827, 0
[UPDATE], 828, 1
[UPDATE], 829, 0
[UPDATE], 830, 0
[UPDATE], 831, 1
[UPDATE], 832, 2
[UPDATE], 833, 1
[UPDATE], 834, 1
[UPDATE], 835, 1
[UPDATE], 836, 1
[UPDATE], 837, 0
[UPDATE], 838, 0
[UPDATE], 839, 0
[UPDATE], 840, 0
[UPDATE], 841, 0
[UPDATE], 842, 0
[UPDATE], 843, 0
[UPDATE], 844, 0
[UPDATE], 845, 0
[UPDATE], 846, 0
[UPDATE], 847, 0
[UPDATE], 848, 0
[UPDATE], 849, 0
[UPDATE], 850, 0
[UPDATE], 851, 1
[UPDATE], 852, 1
[UPDATE], 853, 0
[UPDATE], 854, 0
[UPDATE], 855, 1
[UPDATE], 856, 1
[UPDATE], 857, 1
[UPDATE], 858, 1
[UPDATE], 859, 0
[UPDATE], 860, 0
[UPDATE], 861, 0
[UPDATE], 862, 1
[UPDATE], 863, 1
[UPDATE], 864, 0
[UPDATE], 865, 1
[UPDATE], 866, 1
[UPDATE], 867, 0
[UPDATE], 868, 1
[UPDATE], 869, 1
[UPDATE], 870, 0
[UPDATE], 871, 1
[UPDATE], 872, 0
[UPDATE], 873, 1
[UPDATE], 874, 0
[UPDATE], 875, 1
[UPDATE], 876, 1
[UPDATE], 877, 0
[UPDATE], 878, 0
[UPDATE], 879, 1
[UPDATE], 880, 0
[UPDATE], 881, 1
[UPDATE], 882, 0
[UPDATE], 883, 0
[UPDATE], 884, 1
[UPDATE], 885, 1
[UPDATE], 886, 0
[UPDATE], 887, 0
[UPDATE], 888, 1
[UPDATE], 889, 1
[UPDATE], 890, 1
[UPDATE], 891, 0
[UPDATE], 892, 1
[UPDATE], 893, 0
[UPDATE], 894, 1
[UPDATE], 895, 0
[UPDATE], 896, 0
[UPDATE], 897, 1
[UPDATE], 898, 1
[UPDATE], 899, 0
[UPDATE], 900, 1
[UPDATE], 901, 1
[UPDATE], 902, 1
[UPDATE], 903, 1
[UPDATE], 904, 0
[UPDATE], 905, 1
[UPDATE], 906, 1
[UPDATE], 907, 1
[UPDATE], 908, 2
[UPDATE], 909, 0
[UPDATE], 910, 1
[UPDATE], 911, 1
[UPDATE], 912, 1
[UPDATE], 913, 0
[UPDATE], 914, 1
[UPDATE], 915, 1
[UPDATE], 916, 1
[UPDATE], 917, 1
[UPDATE], 918, 1
[UPDATE], 919, 0
[UPDATE], 920, 0
[UPDATE], 921, 2
[UPDATE], 922, 1
[UPDATE], 923, 0
[UPDATE], 924, 2
[UPDATE], 925, 0
[UPDATE], 926, 0
[UPDATE], 927, 1
[UPDATE], 928, 0
[UPDATE], 929, 1
[UPDATE], 930, 0
[UPDATE], 931, 0
[UPDATE], 932, 1
[UPDATE], 933, 1
[UPDATE], 934, 0
[UPDATE], 935, 1
[UPDATE], 936, 1
[UPDATE], 937, 0
[UPDATE], 938, 1
[UPDATE], 939, 0
[UPDATE], 940, 1
[UPDATE], 941, 0
[UPDATE], 942, 1
[UPDATE], 943, 2
[UPDATE], 944, 1
[UPDATE], 945, 1
[UPDATE], 946, 2
[UPDATE], 947, 1
[UPDATE], 948, 1
[UPDATE], 949, 1
[UPDATE], 950, 0
[UPDATE], 951, 0
[UPDATE], 952, 1
[UPDATE], 953, 1
[UPDATE], 954, 1
[UPDATE], 955, 2
[UPDATE], 956, 2
[UPDATE], 957, 2
[UPDATE], 958, 2
[UPDATE], 959, 2
[UPDATE], 960, 2
[UPDATE], 961, 2
[UPDATE], 962, 3
[UPDATE], 963, 2
[UPDATE], 964, 0
[UPDATE], 965, 0
[UPDATE], 966, 0
[UPDATE], 967, 0
[UPDATE], 968, 0
[UPDATE], 969, 0
[UPDATE], 970, 0
[UPDATE], 971, 1
[UPDATE], 972, 1
[UPDATE], 973, 1
[UPDATE], 974, 2
[UPDATE], 975, 1
[UPDATE], 976, 0
[UPDATE], 977, 2
[UPDATE], 978, 1
[UPDATE], 979, 1
[UPDATE], 980, 1
[UPDATE], 981, 1
[UPDATE], 982, 1
[UPDATE], 983, 0
[UPDATE], 984, 0
[UPDATE], 985, 1
[UPDATE], 986, 1
[UPDATE], 987, 1
[UPDATE], 988, 0
[UPDATE], 989, 0
[UPDATE], 990, 0
[UPDATE], 991, 1
[UPDATE], 992, 1
[UPDATE], 993, 1
[UPDATE], 994, 1
[UPDATE], 995, 2
[UPDATE], 996, 1
[UPDATE], 997, 1
[UPDATE], 998, 2
[UPDATE], 999, 2
[UPDATE], >1000, 34
[READ], Operations, 50239
[READ], AverageLatency(us), 35919.85789924162
[READ], MinLatency(us), 649
[READ], MaxLatency(us), 1345254
[READ], 95thPercentileLatency(ms), 76
[READ], 99thPercentileLatency(ms), 196
[READ], Return=0, 50239
[READ], 0, 1022
[READ], 1, 7720
[READ], 2, 1482
[READ], 3, 623
[READ], 4, 369
[READ], 5, 293
[READ], 6, 267
[READ], 7, 278
[READ], 8, 292
[READ], 9, 300
[READ], 10, 297
[READ], 11, 255
[READ], 12, 308
[READ], 13, 367
[READ], 14, 423
[READ], 15, 644
[READ], 16, 976
[READ], 17, 579
[READ], 18, 567
[READ], 19, 475
[READ], 20, 556
[READ], 21, 856
[READ], 22, 1486
[READ], 23, 1148
[READ], 24, 1181
[READ], 25, 1484
[READ], 26, 1658
[READ], 27, 1683
[READ], 28, 1155
[READ], 29, 852
[READ], 30, 1255
[READ], 31, 1230
[READ], 32, 755
[READ], 33, 791
[READ], 34, 721
[READ], 35, 725
[READ], 36, 559
[READ], 37, 502
[READ], 38, 869
[READ], 39, 622
[READ], 40, 656
[READ], 41, 439
[READ], 42, 299
[READ], 43, 266
[READ], 44, 482
[READ], 45, 665
[READ], 46, 682
[READ], 47, 585
[READ], 48, 755
[READ], 49, 614
[READ], 50, 432
[READ], 51, 312
[READ], 52, 337
[READ], 53, 365
[READ], 54, 178
[READ], 55, 249
[READ], 56, 179
[READ], 57, 141
[READ], 58, 113
[READ], 59, 64
[READ], 60, 59
[READ], 61, 118
[READ], 62, 104
[READ], 63, 179
[READ], 64, 213
[READ], 65, 324
[READ], 66, 217
[READ], 67, 287
[READ], 68, 237
[READ], 69, 140
[READ], 70, 57
[READ], 71, 42
[READ], 72, 53
[READ], 73, 59
[READ], 74, 64
[READ], 75, 100
[READ], 76, 76
[READ], 77, 45
[READ], 78, 17
[READ], 79, 39
[READ], 80, 34
[READ], 81, 31
[READ], 82, 23
[READ], 83, 35
[READ], 84, 56
[READ], 85, 53
[READ], 86, 43
[READ], 87, 20
[READ], 88, 25
[READ], 89, 46
[READ], 90, 36
[READ], 91, 34
[READ], 92, 40
[READ], 93, 64
[READ], 94, 44
[READ], 95, 47
[READ], 96, 30
[READ], 97, 60
[READ], 98, 28
[READ], 99, 26
[READ], 100, 40
[READ], 101, 11
[READ], 102, 21
[READ], 103, 17
[READ], 104, 21
[READ], 105, 39
[READ], 106, 25
[READ], 107, 29
[READ], 108, 21
[READ], 109, 12
[READ], 110, 16
[READ], 111, 11
[READ], 112, 11
[READ], 113, 19
[READ], 114, 20
[READ], 115, 14
[READ], 116, 16
[READ], 117, 13
[READ], 118, 21
[READ], 119, 15
[READ], 120, 17
[READ], 121, 19
[READ], 122, 17
[READ], 123, 14
[READ], 124, 17
[READ], 125, 13
[READ], 126, 13
[READ], 127, 8
[READ], 128, 19
[READ], 129, 9
[READ], 130, 9
[READ], 131, 9
[READ], 132, 6
[READ], 133, 12
[READ], 134, 8
[READ], 135, 7
[READ], 136, 13
[READ], 137, 12
[READ], 138, 19
[READ], 139, 7
[READ], 140, 10
[READ], 141, 13
[READ], 142, 8
[READ], 143, 14
[READ], 144, 3
[READ], 145, 4
[READ], 146, 11
[READ], 147, 10
[READ], 148, 10
[READ], 149, 16
[READ], 150, 12
[READ], 151, 5
[READ], 152, 14
[READ], 153, 9
[READ], 154, 6
[READ], 155, 18
[READ], 156, 11
[READ], 157, 2
[READ], 158, 4
[READ], 159, 9
[READ], 160, 10
[READ], 161, 4
[READ], 162, 1
[READ], 163, 3
[READ], 164, 7
[READ], 165, 10
[READ], 166, 7
[READ], 167, 9
[READ], 168, 11
[READ], 169, 10
[READ], 170, 9
[READ], 171, 5
[READ], 172, 8
[READ], 173, 8
[READ], 174, 9
[READ], 175, 4
[READ], 176, 8
[READ], 177, 9
[READ], 178, 9
[READ], 179, 4
[READ], 180, 7
[READ], 181, 8
[READ], 182, 4
[READ], 183, 12
[READ], 184, 9
[READ], 185, 8
[READ], 186, 10
[READ], 187, 5
[READ], 188, 9
[READ], 189, 8
[READ], 190, 10
[READ], 191, 10
[READ], 192, 8
[READ], 193, 3
[READ], 194, 2
[READ], 195, 6
[READ], 196, 7
[READ], 197, 1
[READ], 198, 0
[READ], 199, 6
[READ], 200, 6
[READ], 201, 5
[READ], 202, 5
[READ], 203, 8
[READ], 204, 2
[READ], 205, 1
[READ], 206, 5
[READ], 207, 4
[READ], 208, 6
[READ], 209, 4
[READ], 210, 3
[READ], 211, 6
[READ], 212, 3
[READ], 213, 0
[READ], 214, 2
[READ], 215, 0
[READ], 216, 0
[READ], 217, 1
[READ], 218, 2
[READ], 219, 0
[READ], 220, 0
[READ], 221, 0
[READ], 222, 1
[READ], 223, 0
[READ], 224, 1
[READ], 225, 1
[READ], 226, 0
[READ], 227, 1
[READ], 228, 0
[READ], 229, 0
[READ], 230, 0
[READ], 231, 1
[READ], 232, 0
[READ], 233, 2
[READ], 234, 3
[READ], 235, 0
[READ], 236, 1
[READ], 237, 0
[READ], 238, 6
[READ], 239, 1
[READ], 240, 2
[READ], 241, 0
[READ], 242, 3
[READ], 243, 0
[READ], 244, 0
[READ], 245, 0
[READ], 246, 1
[READ], 247, 0
[READ], 248, 0
[READ], 249, 2
[READ], 250, 0
[READ], 251, 0
[READ], 252, 0
[READ], 253, 0
[READ], 254, 0
[READ], 255, 1
[READ], 256, 1
[READ], 257, 2
[READ], 258, 2
[READ], 259, 1
[READ], 260, 0
[READ], 261, 1
[READ], 262, 0
[READ], 263, 1
[READ], 264, 1
[READ], 265, 1
[READ], 266, 0
[READ], 267, 1
[READ], 268, 0
[READ], 269, 0
[READ], 270, 0
[READ], 271, 1
[READ], 272, 0
[READ], 273, 0
[READ], 274, 1
[READ], 275, 0
[READ], 276, 1
[READ], 277, 1
[READ], 278, 1
[READ], 279, 1
[READ], 280, 3
[READ], 281, 4
[READ], 282, 2
[READ], 283, 1
[READ], 284, 2
[READ], 285, 2
[READ], 286, 0
[READ], 287, 0
[READ], 288, 0
[READ], 289, 2
[READ], 290, 0
[READ], 291, 0
[READ], 292, 0
[READ], 293, 1
[READ], 294, 0
[READ], 295, 0
[READ], 296, 0
[READ], 297, 1
[READ], 298, 0
[READ], 299, 1
[READ], 300, 0
[READ], 301, 1
[READ], 302, 0
[READ], 303, 3
[READ], 304, 0
[READ], 305, 0
[READ], 306, 0
[READ], 307, 0
[READ], 308, 1
[READ], 309, 1
[READ], 310, 1
[READ], 311, 1
[READ], 312, 4
[READ], 313, 2
[READ], 314, 1
[READ], 315, 0
[READ], 316, 0
[READ], 317, 1
[READ], 318, 0
[READ], 319, 0
[READ], 320, 1
[READ], 321, 0
[READ], 322, 0
[READ], 323, 0
[READ], 324, 0
[READ], 325, 0
[READ], 326, 0
[READ], 327, 0
[READ], 328, 1
[READ], 329, 2
[READ], 330, 1
[READ], 331, 0
[READ], 332, 1
[READ], 333, 0
[READ], 334, 0
[READ], 335, 0
[READ], 336, 0
[READ], 337, 0
[READ], 338, 0
[READ], 339, 0
[READ], 340, 1
[READ], 341, 2
[READ], 342, 2
[READ], 343, 1
[READ], 344, 0
[READ], 345, 1
[READ], 346, 0
[READ], 347, 3
[READ], 348, 1
[READ], 349, 0
[READ], 350, 1
[READ], 351, 0
[READ], 352, 0
[READ], 353, 0
[READ], 354, 1
[READ], 355, 0
[READ], 356, 0
[READ], 357, 0
[READ], 358, 1
[READ], 359, 1
[READ], 360, 1
[READ], 361, 0
[READ], 362, 0
[READ], 363, 1
[READ], 364, 0
[READ], 365, 1
[READ], 366, 0
[READ], 367, 1
[READ], 368, 0
[READ], 369, 1
[READ], 370, 1
[READ], 371, 0
[READ], 372, 0
[READ], 373, 0
[READ], 374, 2
[READ], 375, 0
[READ], 376, 1
[READ], 377, 1
[READ], 378, 0
[READ], 379, 1
[READ], 380, 0
[READ], 381, 2
[READ], 382, 0
[READ], 383, 0
[READ], 384, 0
[READ], 385, 1
[READ], 386, 0
[READ], 387, 0
[READ], 388, 2
[READ], 389, 1
[READ], 390, 0
[READ], 391, 0
[READ], 392, 0
[READ], 393, 0
[READ], 394, 0
[READ], 395, 1
[READ], 396, 0
[READ], 397, 0
[READ], 398, 1
[READ], 399, 0
[READ], 400, 1
[READ], 401, 0
[READ], 402, 1
[READ], 403, 1
[READ], 404, 0
[READ], 405, 1
[READ], 406, 0
[READ], 407, 0
[READ], 408, 2
[READ], 409, 0
[READ], 410, 0
[READ], 411, 0
[READ], 412, 0
[READ], 413, 2
[READ], 414, 1
[READ], 415, 0
[READ], 416, 0
[READ], 417, 1
[READ], 418, 1
[READ], 419, 0
[READ], 420, 0
[READ], 421, 0
[READ], 422, 0
[READ], 423, 1
[READ], 424, 1
[READ], 425, 0
[READ], 426, 0
[READ], 427, 1
[READ], 428, 1
[READ], 429, 0
[READ], 430, 0
[READ], 431, 2
[READ], 432, 1
[READ], 433, 0
[READ], 434, 1
[READ], 435, 1
[READ], 436, 0
[READ], 437, 1
[READ], 438, 0
[READ], 439, 0
[READ], 440, 0
[READ], 441, 0
[READ], 442, 0
[READ], 443, 1
[READ], 444, 2
[READ], 445, 0
[READ], 446, 2
[READ], 447, 0
[READ], 448, 0
[READ], 449, 0
[READ], 450, 0
[READ], 451, 0
[READ], 452, 1
[READ], 453, 0
[READ], 454, 0
[READ], 455, 1
[READ], 456, 1
[READ], 457, 1
[READ], 458, 0
[READ], 459, 0
[READ], 460, 1
[READ], 461, 1
[READ], 462, 0
[READ], 463, 2
[READ], 464, 1
[READ], 465, 2
[READ], 466, 0
[READ], 467, 1
[READ], 468, 0
[READ], 469, 0
[READ], 470, 0
[READ], 471, 0
[READ], 472, 0
[READ], 473, 0
[READ], 474, 1
[READ], 475, 0
[READ], 476, 2
[READ], 477, 0
[READ], 478, 4
[READ], 479, 0
[READ], 480, 0
[READ], 481, 2
[READ], 482, 0
[READ], 483, 0
[READ], 484, 1
[READ], 485, 0
[READ], 486, 1
[READ], 487, 0
[READ], 488, 1
[READ], 489, 0
[READ], 490, 0
[READ], 491, 1
[READ], 492, 0
[READ], 493, 0
[READ], 494, 0
[READ], 495, 0
[READ], 496, 3
[READ], 497, 2
[READ], 498, 1
[READ], 499, 0
[READ], 500, 0
[READ], 501, 1
[READ], 502, 1
[READ], 503, 0
[READ], 504, 0
[READ], 505, 0
[READ], 506, 1
[READ], 507, 1
[READ], 508, 0
[READ], 509, 0
[READ], 510, 1
[READ], 511, 0
[READ], 512, 0
[READ], 513, 1
[READ], 514, 1
[READ], 515, 0
[READ], 516, 1
[READ], 517, 2
[READ], 518, 1
[READ], 519, 2
[READ], 520, 0
[READ], 521, 0
[READ], 522, 0
[READ], 523, 0
[READ], 524, 1
[READ], 525, 1
[READ], 526, 1
[READ], 527, 1
[READ], 528, 0
[READ], 529, 0
[READ], 530, 1
[READ], 531, 0
[READ], 532, 0
[READ], 533, 0
[READ], 534, 0
[READ], 535, 1
[READ], 536, 0
[READ], 537, 1
[READ], 538, 0
[READ], 539, 1
[READ], 540, 1
[READ], 541, 1
[READ], 542, 0
[READ], 543, 1
[READ], 544, 0
[READ], 545, 0
[READ], 546, 1
[READ], 547, 1
[READ], 548, 0
[READ], 549, 1
[READ], 550, 1
[READ], 551, 0
[READ], 552, 0
[READ], 553, 0
[READ], 554, 0
[READ], 555, 1
[READ], 556, 0
[READ], 557, 1
[READ], 558, 1
[READ], 559, 0
[READ], 560, 0
[READ], 561, 0
[READ], 562, 1
[READ], 563, 0
[READ], 564, 2
[READ], 565, 1
[READ], 566, 2
[READ], 567, 1
[READ], 568, 0
[READ], 569, 0
[READ], 570, 0
[READ], 571, 1
[READ], 572, 0
[READ], 573, 2
[READ], 574, 1
[READ], 575, 2
[READ], 576, 0
[READ], 577, 1
[READ], 578, 0
[READ], 579, 0
[READ], 580, 0
[READ], 581, 0
[READ], 582, 0
[READ], 583, 0
[READ], 584, 0
[READ], 585, 0
[READ], 586, 0
[READ], 587, 0
[READ], 588, 0
[READ], 589, 0
[READ], 590, 0
[READ], 591, 0
[READ], 592, 0
[READ], 593, 0
[READ], 594, 0
[READ], 595, 0
[READ], 596, 0
[READ], 597, 0
[READ], 598, 0
[READ], 599, 0
[READ], 600, 0
[READ], 601, 0
[READ], 602, 0
[READ], 603, 0
[READ], 604, 0
[READ], 605, 0
[READ], 606, 0
[READ], 607, 0
[READ], 608, 0
[READ], 609, 0
[READ], 610, 0
[READ], 611, 0
[READ], 612, 0
[READ], 613, 0
[READ], 614, 0
[READ], 615, 0
[READ], 616, 0
[READ], 617, 0
[READ], 618, 0
[READ], 619, 0
[READ], 620, 0
[READ], 621, 0
[READ], 622, 0
[READ], 623, 0
[READ], 624, 0
[READ], 625, 0
[READ], 626, 0
[READ], 627, 0
[READ], 628, 0
[READ], 629, 0
[READ], 630, 0
[READ], 631, 0
[READ], 632, 0
[READ], 633, 0
[READ], 634, 0
[READ], 635, 0
[READ], 636, 0
[READ], 637, 0
[READ], 638, 0
[READ], 639, 0
[READ], 640, 0
[READ], 641, 0
[READ], 642, 0
[READ], 643, 0
[READ], 644, 0
[READ], 645, 0
[READ], 646, 0
[READ], 647, 0
[READ], 648, 0
[READ], 649, 0
[READ], 650, 0
[READ], 651, 0
[READ], 652, 0
[READ], 653, 0
[READ], 654, 0
[READ], 655, 0
[READ], 656, 0
[READ], 657, 0
[READ], 658, 0
[READ], 659, 0
[READ], 660, 0
[READ], 661, 0
[READ], 662, 0
[READ], 663, 0
[READ], 664, 0
[READ], 665, 0
[READ], 666, 0
[READ], 667, 0
[READ], 668, 0
[READ], 669, 0
[READ], 670, 0
[READ], 671, 0
[READ], 672, 0
[READ], 673, 0
[READ], 674, 0
[READ], 675, 0
[READ], 676, 0
[READ], 677, 0
[READ], 678, 0
[READ], 679, 0
[READ], 680, 0
[READ], 681, 0
[READ], 682, 0
[READ], 683, 0
[READ], 684, 0
[READ], 685, 0
[READ], 686, 0
[READ], 687, 0
[READ], 688, 0
[READ], 689, 0
[READ], 690, 0
[READ], 691, 0
[READ], 692, 0
[READ], 693, 0
[READ], 694, 0
[READ], 695, 0
[READ], 696, 0
[READ], 697, 0
[READ], 698, 0
[READ], 699, 0
[READ], 700, 0
[READ], 701, 0
[READ], 702, 0
[READ], 703, 0
[READ], 704, 0
[READ], 705, 0
[READ], 706, 0
[READ], 707, 0
[READ], 708, 0
[READ], 709, 0
[READ], 710, 0
[READ], 711, 0
[READ], 712, 0
[READ], 713, 0
[READ], 714, 0
[READ], 715, 0
[READ], 716, 0
[READ], 717, 0
[READ], 718, 0
[READ], 719, 0
[READ], 720, 0
[READ], 721, 0
[READ], 722, 0
[READ], 723, 0
[READ], 724, 0
[READ], 725, 0
[READ], 726, 0
[READ], 727, 0
[READ], 728, 0
[READ], 729, 0
[READ], 730, 0
[READ], 731, 0
[READ], 732, 0
[READ], 733, 0
[READ], 734, 0
[READ], 735, 0
[READ], 736, 0
[READ], 737, 0
[READ], 738, 0
[READ], 739, 0
[READ], 740, 0
[READ], 741, 0
[READ], 742, 0
[READ], 743, 0
[READ], 744, 0
[READ], 745, 0
[READ], 746, 0
[READ], 747, 0
[READ], 748, 0
[READ], 749, 0
[READ], 750, 0
[READ], 751, 0
[READ], 752, 0
[READ], 753, 0
[READ], 754, 0
[READ], 755, 0
[READ], 756, 0
[READ], 757, 0
[READ], 758, 0
[READ], 759, 0
[READ], 760, 0
[READ], 761, 0
[READ], 762, 0
[READ], 763, 0
[READ], 764, 0
[READ], 765, 0
[READ], 766, 0
[READ], 767, 0
[READ], 768, 0
[READ], 769, 0
[READ], 770, 0
[READ], 771, 0
[READ], 772, 0
[READ], 773, 0
[READ], 774, 0
[READ], 775, 0
[READ], 776, 0
[READ], 777, 0
[READ], 778, 0
[READ], 779, 0
[READ], 780, 0
[READ], 781, 0
[READ], 782, 0
[READ], 783, 0
[READ], 784, 0
[READ], 785, 0
[READ], 786, 0
[READ], 787, 0
[READ], 788, 0
[READ], 789, 0
[READ], 790, 0
[READ], 791, 0
[READ], 792, 0
[READ], 793, 0
[READ], 794, 0
[READ], 795, 0
[READ], 796, 0
[READ], 797, 0
[READ], 798, 0
[READ], 799, 0
[READ], 800, 0
[READ], 801, 0
[READ], 802, 0
[READ], 803, 0
[READ], 804, 0
[READ], 805, 0
[READ], 806, 0
[READ], 807, 0
[READ], 808, 0
[READ], 809, 0
[READ], 810, 0
[READ], 811, 0
[READ], 812, 0
[READ], 813, 0
[READ], 814, 0
[READ], 815, 0
[READ], 816, 0
[READ], 817, 0
[READ], 818, 0
[READ], 819, 0
[READ], 820, 0
[READ], 821, 0
[READ], 822, 0
[READ], 823, 0
[READ], 824, 0
[READ], 825, 0
[READ], 826, 0
[READ], 827, 0
[READ], 828, 0
[READ], 829, 0
[READ], 830, 0
[READ], 831, 0
[READ], 832, 0
[READ], 833, 0
[READ], 834, 0
[READ], 835, 0
[READ], 836, 0
[READ], 837, 0
[READ], 838, 0
[READ], 839, 0
[READ], 840, 0
[READ], 841, 0
[READ], 842, 0
[READ], 843, 0
[READ], 844, 0
[READ], 845, 0
[READ], 846, 0
[READ], 847, 0
[READ], 848, 0
[READ], 849, 0
[READ], 850, 0
[READ], 851, 0
[READ], 852, 0
[READ], 853, 0
[READ], 854, 0
[READ], 855, 0
[READ], 856, 0
[READ], 857, 0
[READ], 858, 0
[READ], 859, 0
[READ], 860, 0
[READ], 861, 0
[READ], 862, 0
[READ], 863, 0
[READ], 864, 0
[READ], 865, 0
[READ], 866, 0
[READ], 867, 0
[READ], 868, 0
[READ], 869, 0
[READ], 870, 0
[READ], 871, 0
[READ], 872, 0
[READ], 873, 0
[READ], 874, 0
[READ], 875, 0
[READ], 876, 0
[READ], 877, 0
[READ], 878, 0
[READ], 879, 0
[READ], 880, 0
[READ], 881, 0
[READ], 882, 0
[READ], 883, 0
[READ], 884, 0
[READ], 885, 0
[READ], 886, 0
[READ], 887, 0
[READ], 888, 0
[READ], 889, 0
[READ], 890, 0
[READ], 891, 0
[READ], 892, 0
[READ], 893, 0
[READ], 894, 0
[READ], 895, 0
[READ], 896, 0
[READ], 897, 0
[READ], 898, 0
[READ], 899, 0
[READ], 900, 0
[READ], 901, 0
[READ], 902, 0
[READ], 903, 0
[READ], 904, 0
[READ], 905, 0
[READ], 906, 0
[READ], 907, 0
[READ], 908, 0
[READ], 909, 0
[READ], 910, 0
[READ], 911, 0
[READ], 912, 0
[READ], 913, 0
[READ], 914, 0
[READ], 915, 0
[READ], 916, 0
[READ], 917, 0
[READ], 918, 0
[READ], 919, 0
[READ], 920, 0
[READ], 921, 0
[READ], 922, 0
[READ], 923, 0
[READ], 924, 0
[READ], 925, 0
[READ], 926, 0
[READ], 927, 0
[READ], 928, 0
[READ], 929, 0
[READ], 930, 0
[READ], 931, 0
[READ], 932, 0
[READ], 933, 0
[READ], 934, 0
[READ], 935, 0
[READ], 936, 0
[READ], 937, 0
[READ], 938, 0
[READ], 939, 0
[READ], 940, 0
[READ], 941, 0
[READ], 942, 0
[READ], 943, 0
[READ], 944, 0
[READ], 945, 0
[READ], 946, 0
[READ], 947, 0
[READ], 948, 0
[READ], 949, 0
[READ], 950, 0
[READ], 951, 0
[READ], 952, 0
[READ], 953, 0
[READ], 954, 0
[READ], 955, 0
[READ], 956, 0
[READ], 957, 0
[READ], 958, 0
[READ], 959, 0
[READ], 960, 0
[READ], 961, 0
[READ], 962, 0
[READ], 963, 0
[READ], 964, 0
[READ], 965, 0
[READ], 966, 0
[READ], 967, 0
[READ], 968, 0
[READ], 969, 0
[READ], 970, 0
[READ], 971, 0
[READ], 972, 0
[READ], 973, 0
[READ], 974, 0
[READ], 975, 0
[READ], 976, 0
[READ], 977, 0
[READ], 978, 0
[READ], 979, 0
[READ], 980, 0
[READ], 981, 0
[READ], 982, 0
[READ], 983, 0
[READ], 984, 0
[READ], 985, 0
[READ], 986, 0
[READ], 987, 0
[READ], 988, 0
[READ], 989, 0
[READ], 990, 0
[READ], 991, 0
[READ], 992, 0
[READ], 993, 0
[READ], 994, 0
[READ], 995, 0
[READ], 996, 0
[READ], 997, 0
[READ], 998, 0
[READ], 999, 0
[READ], >1000, 205
java -cp /home/r/raghav/YCSB-0.1.4/nosqldb/src/main/conf:/home/r/raghav/YCSB-0.1.4/voldemort/src/main/conf:/home/r/raghav/YCSB-0.1.4/hbase/target/hbase-binding-0.1.4.jar:/home/r/raghav/YCSB-0.1.4/hbase/target/archive-tmp/hbase-binding-0.1.4.jar:/home/r/raghav/YCSB-0.1.4/hbase/src/main/conf:/home/r/raghav/YCSB-0.1.4/gemfire/src/main/conf:/home/r/raghav/YCSB-0.1.4/infinispan/src/main/conf:/home/r/raghav/YCSB-0.1.4/jdbc/src/main/conf:/home/r/raghav/YCSB-0.1.4/core/target/core-0.1.4.jar com.yahoo.ycsb.Client -db com.yahoo.ycsb.db.HBaseClient -P workloads/workloada -P large.dat -p columnfamily=family -threads 450 -target 45000 -t
