YCSB Client 0.1
Command line: -db com.yahoo.ycsb.db.HBaseClient -P workloads/workloada -P large.dat -p columnfamily=family -threads 500 -target 25000 -t
[OVERALL], RunTime(ms), 5554.0
[OVERALL], Throughput(ops/sec), 18005.041411595248
[UPDATE], Operations, 50140
[UPDATE], AverageLatency(us), 4895.454946150778
[UPDATE], MinLatency(us), 1
[UPDATE], MaxLatency(us), 1078778
[UPDATE], 95thPercentileLatency(ms), 0
[UPDATE], 99thPercentileLatency(ms), 0
[UPDATE], Return=0, 50140
[UPDATE], 0, 49852
[UPDATE], 1, 14
[UPDATE], 2, 2
[UPDATE], 3, 1
[UPDATE], 4, 0
[UPDATE], 5, 0
[UPDATE], 6, 0
[UPDATE], 7, 0
[UPDATE], 8, 0
[UPDATE], 9, 0
[UPDATE], 10, 0
[UPDATE], 11, 0
[UPDATE], 12, 0
[UPDATE], 13, 0
[UPDATE], 14, 0
[UPDATE], 15, 0
[UPDATE], 16, 1
[UPDATE], 17, 0
[UPDATE], 18, 0
[UPDATE], 19, 0
[UPDATE], 20, 0
[UPDATE], 21, 0
[UPDATE], 22, 0
[UPDATE], 23, 0
[UPDATE], 24, 0
[UPDATE], 25, 0
[UPDATE], 26, 0
[UPDATE], 27, 0
[UPDATE], 28, 0
[UPDATE], 29, 0
[UPDATE], 30, 0
[UPDATE], 31, 0
[UPDATE], 32, 0
[UPDATE], 33, 0
[UPDATE], 34, 0
[UPDATE], 35, 0
[UPDATE], 36, 0
[UPDATE], 37, 0
[UPDATE], 38, 0
[UPDATE], 39, 0
[UPDATE], 40, 0
[UPDATE], 41, 0
[UPDATE], 42, 0
[UPDATE], 43, 0
[UPDATE], 44, 0
[UPDATE], 45, 0
[UPDATE], 46, 0
[UPDATE], 47, 0
[UPDATE], 48, 0
[UPDATE], 49, 0
[UPDATE], 50, 0
[UPDATE], 51, 0
[UPDATE], 52, 0
[UPDATE], 53, 0
[UPDATE], 54, 0
[UPDATE], 55, 0
[UPDATE], 56, 0
[UPDATE], 57, 0
[UPDATE], 58, 0
[UPDATE], 59, 0
[UPDATE], 60, 0
[UPDATE], 61, 0
[UPDATE], 62, 0
[UPDATE], 63, 0
[UPDATE], 64, 0
[UPDATE], 65, 0
[UPDATE], 66, 0
[UPDATE], 67, 0
[UPDATE], 68, 0
[UPDATE], 69, 0
[UPDATE], 70, 0
[UPDATE], 71, 0
[UPDATE], 72, 0
[UPDATE], 73, 0
[UPDATE], 74, 0
[UPDATE], 75, 0
[UPDATE], 76, 0
[UPDATE], 77, 0
[UPDATE], 78, 0
[UPDATE], 79, 0
[UPDATE], 80, 0
[UPDATE], 81, 0
[UPDATE], 82, 0
[UPDATE], 83, 0
[UPDATE], 84, 0
[UPDATE], 85, 0
[UPDATE], 86, 0
[UPDATE], 87, 0
[UPDATE], 88, 0
[UPDATE], 89, 0
[UPDATE], 90, 0
[UPDATE], 91, 0
[UPDATE], 92, 0
[UPDATE], 93, 0
[UPDATE], 94, 0
[UPDATE], 95, 0
[UPDATE], 96, 0
[UPDATE], 97, 0
[UPDATE], 98, 0
[UPDATE], 99, 0
[UPDATE], 100, 0
[UPDATE], 101, 0
[UPDATE], 102, 0
[UPDATE], 103, 0
[UPDATE], 104, 0
[UPDATE], 105, 0
[UPDATE], 106, 0
[UPDATE], 107, 0
[UPDATE], 108, 0
[UPDATE], 109, 0
[UPDATE], 110, 0
[UPDATE], 111, 0
[UPDATE], 112, 0
[UPDATE], 113, 0
[UPDATE], 114, 0
[UPDATE], 115, 0
[UPDATE], 116, 0
[UPDATE], 117, 0
[UPDATE], 118, 0
[UPDATE], 119, 0
[UPDATE], 120, 0
[UPDATE], 121, 0
[UPDATE], 122, 0
[UPDATE], 123, 0
[UPDATE], 124, 0
[UPDATE], 125, 0
[UPDATE], 126, 0
[UPDATE], 127, 0
[UPDATE], 128, 0
[UPDATE], 129, 0
[UPDATE], 130, 0
[UPDATE], 131, 0
[UPDATE], 132, 0
[UPDATE], 133, 0
[UPDATE], 134, 0
[UPDATE], 135, 0
[UPDATE], 136, 0
[UPDATE], 137, 0
[UPDATE], 138, 0
[UPDATE], 139, 0
[UPDATE], 140, 0
[UPDATE], 141, 0
[UPDATE], 142, 0
[UPDATE], 143, 0
[UPDATE], 144, 0
[UPDATE], 145, 0
[UPDATE], 146, 0
[UPDATE], 147, 0
[UPDATE], 148, 0
[UPDATE], 149, 0
[UPDATE], 150, 0
[UPDATE], 151, 0
[UPDATE], 152, 0
[UPDATE], 153, 0
[UPDATE], 154, 0
[UPDATE], 155, 0
[UPDATE], 156, 0
[UPDATE], 157, 0
[UPDATE], 158, 0
[UPDATE], 159, 0
[UPDATE], 160, 0
[UPDATE], 161, 0
[UPDATE], 162, 0
[UPDATE], 163, 0
[UPDATE], 164, 0
[UPDATE], 165, 0
[UPDATE], 166, 0
[UPDATE], 167, 0
[UPDATE], 168, 0
[UPDATE], 169, 0
[UPDATE], 170, 0
[UPDATE], 171, 0
[UPDATE], 172, 0
[UPDATE], 173, 0
[UPDATE], 174, 0
[UPDATE], 175, 0
[UPDATE], 176, 0
[UPDATE], 177, 0
[UPDATE], 178, 0
[UPDATE], 179, 0
[UPDATE], 180, 0
[UPDATE], 181, 0
[UPDATE], 182, 0
[UPDATE], 183, 0
[UPDATE], 184, 0
[UPDATE], 185, 0
[UPDATE], 186, 0
[UPDATE], 187, 0
[UPDATE], 188, 0
[UPDATE], 189, 0
[UPDATE], 190, 0
[UPDATE], 191, 0
[UPDATE], 192, 0
[UPDATE], 193, 0
[UPDATE], 194, 0
[UPDATE], 195, 0
[UPDATE], 196, 0
[UPDATE], 197, 0
[UPDATE], 198, 0
[UPDATE], 199, 0
[UPDATE], 200, 0
[UPDATE], 201, 0
[UPDATE], 202, 0
[UPDATE], 203, 0
[UPDATE], 204, 0
[UPDATE], 205, 0
[UPDATE], 206, 0
[UPDATE], 207, 0
[UPDATE], 208, 0
[UPDATE], 209, 0
[UPDATE], 210, 0
[UPDATE], 211, 0
[UPDATE], 212, 0
[UPDATE], 213, 0
[UPDATE], 214, 0
[UPDATE], 215, 0
[UPDATE], 216, 0
[UPDATE], 217, 0
[UPDATE], 218, 0
[UPDATE], 219, 0
[UPDATE], 220, 0
[UPDATE], 221, 0
[UPDATE], 222, 0
[UPDATE], 223, 0
[UPDATE], 224, 0
[UPDATE], 225, 0
[UPDATE], 226, 0
[UPDATE], 227, 0
[UPDATE], 228, 0
[UPDATE], 229, 0
[UPDATE], 230, 0
[UPDATE], 231, 0
[UPDATE], 232, 0
[UPDATE], 233, 0
[UPDATE], 234, 0
[UPDATE], 235, 0
[UPDATE], 236, 0
[UPDATE], 237, 0
[UPDATE], 238, 0
[UPDATE], 239, 0
[UPDATE], 240, 0
[UPDATE], 241, 0
[UPDATE], 242, 0
[UPDATE], 243, 0
[UPDATE], 244, 0
[UPDATE], 245, 0
[UPDATE], 246, 0
[UPDATE], 247, 0
[UPDATE], 248, 0
[UPDATE], 249, 0
[UPDATE], 250, 0
[UPDATE], 251, 0
[UPDATE], 252, 0
[UPDATE], 253, 0
[UPDATE], 254, 0
[UPDATE], 255, 0
[UPDATE], 256, 0
[UPDATE], 257, 0
[UPDATE], 258, 0
[UPDATE], 259, 0
[UPDATE], 260, 0
[UPDATE], 261, 0
[UPDATE], 262, 0
[UPDATE], 263, 0
[UPDATE], 264, 0
[UPDATE], 265, 0
[UPDATE], 266, 0
[UPDATE], 267, 0
[UPDATE], 268, 0
[UPDATE], 269, 0
[UPDATE], 270, 0
[UPDATE], 271, 0
[UPDATE], 272, 0
[UPDATE], 273, 0
[UPDATE], 274, 0
[UPDATE], 275, 0
[UPDATE], 276, 0
[UPDATE], 277, 0
[UPDATE], 278, 0
[UPDATE], 279, 0
[UPDATE], 280, 0
[UPDATE], 281, 0
[UPDATE], 282, 0
[UPDATE], 283, 0
[UPDATE], 284, 0
[UPDATE], 285, 0
[UPDATE], 286, 0
[UPDATE], 287, 0
[UPDATE], 288, 0
[UPDATE], 289, 0
[UPDATE], 290, 0
[UPDATE], 291, 0
[UPDATE], 292, 0
[UPDATE], 293, 0
[UPDATE], 294, 0
[UPDATE], 295, 0
[UPDATE], 296, 0
[UPDATE], 297, 0
[UPDATE], 298, 0
[UPDATE], 299, 0
[UPDATE], 300, 0
[UPDATE], 301, 0
[UPDATE], 302, 0
[UPDATE], 303, 0
[UPDATE], 304, 0
[UPDATE], 305, 0
[UPDATE], 306, 0
[UPDATE], 307, 0
[UPDATE], 308, 0
[UPDATE], 309, 0
[UPDATE], 310, 0
[UPDATE], 311, 0
[UPDATE], 312, 0
[UPDATE], 313, 0
[UPDATE], 314, 0
[UPDATE], 315, 0
[UPDATE], 316, 0
[UPDATE], 317, 0
[UPDATE], 318, 0
[UPDATE], 319, 0
[UPDATE], 320, 0
[UPDATE], 321, 0
[UPDATE], 322, 0
[UPDATE], 323, 0
[UPDATE], 324, 0
[UPDATE], 325, 0
[UPDATE], 326, 0
[UPDATE], 327, 0
[UPDATE], 328, 0
[UPDATE], 329, 0
[UPDATE], 330, 0
[UPDATE], 331, 0
[UPDATE], 332, 0
[UPDATE], 333, 0
[UPDATE], 334, 0
[UPDATE], 335, 0
[UPDATE], 336, 0
[UPDATE], 337, 0
[UPDATE], 338, 0
[UPDATE], 339, 0
[UPDATE], 340, 0
[UPDATE], 341, 0
[UPDATE], 342, 0
[UPDATE], 343, 0
[UPDATE], 344, 0
[UPDATE], 345, 0
[UPDATE], 346, 0
[UPDATE], 347, 0
[UPDATE], 348, 0
[UPDATE], 349, 0
[UPDATE], 350, 0
[UPDATE], 351, 0
[UPDATE], 352, 0
[UPDATE], 353, 0
[UPDATE], 354, 0
[UPDATE], 355, 0
[UPDATE], 356, 0
[UPDATE], 357, 0
[UPDATE], 358, 0
[UPDATE], 359, 0
[UPDATE], 360, 0
[UPDATE], 361, 0
[UPDATE], 362, 0
[UPDATE], 363, 0
[UPDATE], 364, 0
[UPDATE], 365, 0
[UPDATE], 366, 0
[UPDATE], 367, 0
[UPDATE], 368, 0
[UPDATE], 369, 0
[UPDATE], 370, 0
[UPDATE], 371, 0
[UPDATE], 372, 0
[UPDATE], 373, 0
[UPDATE], 374, 0
[UPDATE], 375, 0
[UPDATE], 376, 0
[UPDATE], 377, 0
[UPDATE], 378, 0
[UPDATE], 379, 0
[UPDATE], 380, 0
[UPDATE], 381, 0
[UPDATE], 382, 0
[UPDATE], 383, 0
[UPDATE], 384, 0
[UPDATE], 385, 0
[UPDATE], 386, 0
[UPDATE], 387, 0
[UPDATE], 388, 0
[UPDATE], 389, 0
[UPDATE], 390, 0
[UPDATE], 391, 0
[UPDATE], 392, 0
[UPDATE], 393, 0
[UPDATE], 394, 0
[UPDATE], 395, 0
[UPDATE], 396, 0
[UPDATE], 397, 0
[UPDATE], 398, 0
[UPDATE], 399, 0
[UPDATE], 400, 0
[UPDATE], 401, 0
[UPDATE], 402, 0
[UPDATE], 403, 0
[UPDATE], 404, 0
[UPDATE], 405, 0
[UPDATE], 406, 0
[UPDATE], 407, 0
[UPDATE], 408, 0
[UPDATE], 409, 0
[UPDATE], 410, 0
[UPDATE], 411, 0
[UPDATE], 412, 0
[UPDATE], 413, 0
[UPDATE], 414, 0
[UPDATE], 415, 0
[UPDATE], 416, 0
[UPDATE], 417, 0
[UPDATE], 418, 0
[UPDATE], 419, 0
[UPDATE], 420, 0
[UPDATE], 421, 0
[UPDATE], 422, 0
[UPDATE], 423, 0
[UPDATE], 424, 0
[UPDATE], 425, 0
[UPDATE], 426, 0
[UPDATE], 427, 0
[UPDATE], 428, 0
[UPDATE], 429, 0
[UPDATE], 430, 0
[UPDATE], 431, 0
[UPDATE], 432, 0
[UPDATE], 433, 0
[UPDATE], 434, 0
[UPDATE], 435, 0
[UPDATE], 436, 0
[UPDATE], 437, 0
[UPDATE], 438, 0
[UPDATE], 439, 0
[UPDATE], 440, 0
[UPDATE], 441, 0
[UPDATE], 442, 0
[UPDATE], 443, 0
[UPDATE], 444, 0
[UPDATE], 445, 0
[UPDATE], 446, 0
[UPDATE], 447, 0
[UPDATE], 448, 0
[UPDATE], 449, 0
[UPDATE], 450, 0
[UPDATE], 451, 0
[UPDATE], 452, 0
[UPDATE], 453, 0
[UPDATE], 454, 0
[UPDATE], 455, 0
[UPDATE], 456, 0
[UPDATE], 457, 0
[UPDATE], 458, 0
[UPDATE], 459, 0
[UPDATE], 460, 0
[UPDATE], 461, 0
[UPDATE], 462, 0
[UPDATE], 463, 0
[UPDATE], 464, 0
[UPDATE], 465, 0
[UPDATE], 466, 0
[UPDATE], 467, 0
[UPDATE], 468, 0
[UPDATE], 469, 0
[UPDATE], 470, 0
[UPDATE], 471, 0
[UPDATE], 472, 0
[UPDATE], 473, 0
[UPDATE], 474, 0
[UPDATE], 475, 0
[UPDATE], 476, 0
[UPDATE], 477, 0
[UPDATE], 478, 0
[UPDATE], 479, 0
[UPDATE], 480, 0
[UPDATE], 481, 0
[UPDATE], 482, 0
[UPDATE], 483, 0
[UPDATE], 484, 0
[UPDATE], 485, 0
[UPDATE], 486, 0
[UPDATE], 487, 0
[UPDATE], 488, 0
[UPDATE], 489, 0
[UPDATE], 490, 0
[UPDATE], 491, 0
[UPDATE], 492, 0
[UPDATE], 493, 0
[UPDATE], 494, 0
[UPDATE], 495, 0
[UPDATE], 496, 0
[UPDATE], 497, 0
[UPDATE], 498, 0
[UPDATE], 499, 0
[UPDATE], 500, 0
[UPDATE], 501, 0
[UPDATE], 502, 0
[UPDATE], 503, 0
[UPDATE], 504, 0
[UPDATE], 505, 0
[UPDATE], 506, 0
[UPDATE], 507, 0
[UPDATE], 508, 0
[UPDATE], 509, 0
[UPDATE], 510, 0
[UPDATE], 511, 0
[UPDATE], 512, 0
[UPDATE], 513, 0
[UPDATE], 514, 0
[UPDATE], 515, 0
[UPDATE], 516, 0
[UPDATE], 517, 0
[UPDATE], 518, 0
[UPDATE], 519, 0
[UPDATE], 520, 0
[UPDATE], 521, 0
[UPDATE], 522, 0
[UPDATE], 523, 0
[UPDATE], 524, 0
[UPDATE], 525, 0
[UPDATE], 526, 0
[UPDATE], 527, 0
[UPDATE], 528, 0
[UPDATE], 529, 0
[UPDATE], 530, 0
[UPDATE], 531, 0
[UPDATE], 532, 0
[UPDATE], 533, 0
[UPDATE], 534, 0
[UPDATE], 535, 0
[UPDATE], 536, 0
[UPDATE], 537, 0
[UPDATE], 538, 0
[UPDATE], 539, 0
[UPDATE], 540, 0
[UPDATE], 541, 0
[UPDATE], 542, 0
[UPDATE], 543, 0
[UPDATE], 544, 0
[UPDATE], 545, 0
[UPDATE], 546, 0
[UPDATE], 547, 0
[UPDATE], 548, 0
[UPDATE], 549, 0
[UPDATE], 550, 0
[UPDATE], 551, 0
[UPDATE], 552, 0
[UPDATE], 553, 0
[UPDATE], 554, 0
[UPDATE], 555, 0
[UPDATE], 556, 0
[UPDATE], 557, 0
[UPDATE], 558, 0
[UPDATE], 559, 0
[UPDATE], 560, 0
[UPDATE], 561, 0
[UPDATE], 562, 0
[UPDATE], 563, 0
[UPDATE], 564, 0
[UPDATE], 565, 0
[UPDATE], 566, 0
[UPDATE], 567, 0
[UPDATE], 568, 0
[UPDATE], 569, 0
[UPDATE], 570, 0
[UPDATE], 571, 0
[UPDATE], 572, 0
[UPDATE], 573, 0
[UPDATE], 574, 0
[UPDATE], 575, 0
[UPDATE], 576, 0
[UPDATE], 577, 0
[UPDATE], 578, 0
[UPDATE], 579, 0
[UPDATE], 580, 0
[UPDATE], 581, 0
[UPDATE], 582, 0
[UPDATE], 583, 0
[UPDATE], 584, 0
[UPDATE], 585, 0
[UPDATE], 586, 0
[UPDATE], 587, 0
[UPDATE], 588, 0
[UPDATE], 589, 0
[UPDATE], 590, 0
[UPDATE], 591, 0
[UPDATE], 592, 0
[UPDATE], 593, 0
[UPDATE], 594, 0
[UPDATE], 595, 0
[UPDATE], 596, 0
[UPDATE], 597, 0
[UPDATE], 598, 0
[UPDATE], 599, 0
[UPDATE], 600, 0
[UPDATE], 601, 0
[UPDATE], 602, 0
[UPDATE], 603, 0
[UPDATE], 604, 0
[UPDATE], 605, 0
[UPDATE], 606, 0
[UPDATE], 607, 0
[UPDATE], 608, 0
[UPDATE], 609, 0
[UPDATE], 610, 0
[UPDATE], 611, 0
[UPDATE], 612, 0
[UPDATE], 613, 0
[UPDATE], 614, 0
[UPDATE], 615, 0
[UPDATE], 616, 0
[UPDATE], 617, 0
[UPDATE], 618, 0
[UPDATE], 619, 0
[UPDATE], 620, 0
[UPDATE], 621, 0
[UPDATE], 622, 0
[UPDATE], 623, 0
[UPDATE], 624, 0
[UPDATE], 625, 0
[UPDATE], 626, 0
[UPDATE], 627, 0
[UPDATE], 628, 0
[UPDATE], 629, 0
[UPDATE], 630, 0
[UPDATE], 631, 0
[UPDATE], 632, 0
[UPDATE], 633, 0
[UPDATE], 634, 0
[UPDATE], 635, 0
[UPDATE], 636, 0
[UPDATE], 637, 0
[UPDATE], 638, 0
[UPDATE], 639, 0
[UPDATE], 640, 0
[UPDATE], 641, 0
[UPDATE], 642, 0
[UPDATE], 643, 0
[UPDATE], 644, 0
[UPDATE], 645, 0
[UPDATE], 646, 0
[UPDATE], 647, 0
[UPDATE], 648, 0
[UPDATE], 649, 0
[UPDATE], 650, 0
[UPDATE], 651, 0
[UPDATE], 652, 0
[UPDATE], 653, 0
[UPDATE], 654, 0
[UPDATE], 655, 0
[UPDATE], 656, 0
[UPDATE], 657, 0
[UPDATE], 658, 0
[UPDATE], 659, 0
[UPDATE], 660, 0
[UPDATE], 661, 0
[UPDATE], 662, 0
[UPDATE], 663, 0
[UPDATE], 664, 0
[UPDATE], 665, 0
[UPDATE], 666, 0
[UPDATE], 667, 0
[UPDATE], 668, 0
[UPDATE], 669, 0
[UPDATE], 670, 0
[UPDATE], 671, 0
[UPDATE], 672, 0
[UPDATE], 673, 0
[UPDATE], 674, 0
[UPDATE], 675, 0
[UPDATE], 676, 0
[UPDATE], 677, 0
[UPDATE], 678, 0
[UPDATE], 679, 0
[UPDATE], 680, 0
[UPDATE], 681, 0
[UPDATE], 682, 0
[UPDATE], 683, 0
[UPDATE], 684, 1
[UPDATE], 685, 2
[UPDATE], 686, 0
[UPDATE], 687, 2
[UPDATE], 688, 2
[UPDATE], 689, 0
[UPDATE], 690, 0
[UPDATE], 691, 1
[UPDATE], 692, 1
[UPDATE], 693, 1
[UPDATE], 694, 0
[UPDATE], 695, 1
[UPDATE], 696, 0
[UPDATE], 697, 1
[UPDATE], 698, 1
[UPDATE], 699, 1
[UPDATE], 700, 1
[UPDATE], 701, 0
[UPDATE], 702, 0
[UPDATE], 703, 0
[UPDATE], 704, 1
[UPDATE], 705, 1
[UPDATE], 706, 0
[UPDATE], 707, 0
[UPDATE], 708, 0
[UPDATE], 709, 1
[UPDATE], 710, 0
[UPDATE], 711, 0
[UPDATE], 712, 0
[UPDATE], 713, 0
[UPDATE], 714, 0
[UPDATE], 715, 0
[UPDATE], 716, 1
[UPDATE], 717, 1
[UPDATE], 718, 1
[UPDATE], 719, 0
[UPDATE], 720, 0
[UPDATE], 721, 0
[UPDATE], 722, 1
[UPDATE], 723, 1
[UPDATE], 724, 1
[UPDATE], 725, 1
[UPDATE], 726, 1
[UPDATE], 727, 0
[UPDATE], 728, 1
[UPDATE], 729, 1
[UPDATE], 730, 0
[UPDATE], 731, 0
[UPDATE], 732, 1
[UPDATE], 733, 2
[UPDATE], 734, 0
[UPDATE], 735, 0
[UPDATE], 736, 0
[UPDATE], 737, 2
[UPDATE], 738, 0
[UPDATE], 739, 1
[UPDATE], 740, 1
[UPDATE], 741, 1
[UPDATE], 742, 0
[UPDATE], 743, 0
[UPDATE], 744, 1
[UPDATE], 745, 1
[UPDATE], 746, 0
[UPDATE], 747, 0
[UPDATE], 748, 1
[UPDATE], 749, 0
[UPDATE], 750, 1
[UPDATE], 751, 0
[UPDATE], 752, 1
[UPDATE], 753, 0
[UPDATE], 754, 1
[UPDATE], 755, 1
[UPDATE], 756, 0
[UPDATE], 757, 0
[UPDATE], 758, 0
[UPDATE], 759, 1
[UPDATE], 760, 0
[UPDATE], 761, 1
[UPDATE], 762, 1
[UPDATE], 763, 0
[UPDATE], 764, 0
[UPDATE], 765, 1
[UPDATE], 766, 0
[UPDATE], 767, 1
[UPDATE], 768, 1
[UPDATE], 769, 0
[UPDATE], 770, 1
[UPDATE], 771, 1
[UPDATE], 772, 1
[UPDATE], 773, 1
[UPDATE], 774, 0
[UPDATE], 775, 2
[UPDATE], 776, 0
[UPDATE], 777, 0
[UPDATE], 778, 0
[UPDATE], 779, 2
[UPDATE], 780, 0
[UPDATE], 781, 0
[UPDATE], 782, 1
[UPDATE], 783, 0
[UPDATE], 784, 0
[UPDATE], 785, 1
[UPDATE], 786, 1
[UPDATE], 787, 1
[UPDATE], 788, 1
[UPDATE], 789, 2
[UPDATE], 790, 2
[UPDATE], 791, 0
[UPDATE], 792, 0
[UPDATE], 793, 2
[UPDATE], 794, 1
[UPDATE], 795, 0
[UPDATE], 796, 1
[UPDATE], 797, 1
[UPDATE], 798, 1
[UPDATE], 799, 0
[UPDATE], 800, 0
[UPDATE], 801, 0
[UPDATE], 802, 1
[UPDATE], 803, 0
[UPDATE], 804, 1
[UPDATE], 805, 0
[UPDATE], 806, 0
[UPDATE], 807, 1
[UPDATE], 808, 1
[UPDATE], 809, 1
[UPDATE], 810, 1
[UPDATE], 811, 0
[UPDATE], 812, 1
[UPDATE], 813, 1
[UPDATE], 814, 1
[UPDATE], 815, 1
[UPDATE], 816, 1
[UPDATE], 817, 0
[UPDATE], 818, 1
[UPDATE], 819, 2
[UPDATE], 820, 1
[UPDATE], 821, 1
[UPDATE], 822, 1
[UPDATE], 823, 0
[UPDATE], 824, 0
[UPDATE], 825, 0
[UPDATE], 826, 0
[UPDATE], 827, 0
[UPDATE], 828, 1
[UPDATE], 829, 0
[UPDATE], 830, 0
[UPDATE], 831, 0
[UPDATE], 832, 0
[UPDATE], 833, 0
[UPDATE], 834, 0
[UPDATE], 835, 0
[UPDATE], 836, 0
[UPDATE], 837, 0
[UPDATE], 838, 0
[UPDATE], 839, 1
[UPDATE], 840, 0
[UPDATE], 841, 0
[UPDATE], 842, 0
[UPDATE], 843, 1
[UPDATE], 844, 1
[UPDATE], 845, 0
[UPDATE], 846, 0
[UPDATE], 847, 1
[UPDATE], 848, 0
[UPDATE], 849, 0
[UPDATE], 850, 1
[UPDATE], 851, 1
[UPDATE], 852, 1
[UPDATE], 853, 0
[UPDATE], 854, 0
[UPDATE], 855, 1
[UPDATE], 856, 1
[UPDATE], 857, 1
[UPDATE], 858, 0
[UPDATE], 859, 1
[UPDATE], 860, 1
[UPDATE], 861, 0
[UPDATE], 862, 0
[UPDATE], 863, 0
[UPDATE], 864, 0
[UPDATE], 865, 0
[UPDATE], 866, 0
[UPDATE], 867, 1
[UPDATE], 868, 1
[UPDATE], 869, 1
[UPDATE], 870, 1
[UPDATE], 871, 0
[UPDATE], 872, 0
[UPDATE], 873, 1
[UPDATE], 874, 0
[UPDATE], 875, 1
[UPDATE], 876, 0
[UPDATE], 877, 0
[UPDATE], 878, 1
[UPDATE], 879, 0
[UPDATE], 880, 1
[UPDATE], 881, 0
[UPDATE], 882, 1
[UPDATE], 883, 0
[UPDATE], 884, 1
[UPDATE], 885, 1
[UPDATE], 886, 1
[UPDATE], 887, 1
[UPDATE], 888, 0
[UPDATE], 889, 0
[UPDATE], 890, 1
[UPDATE], 891, 1
[UPDATE], 892, 1
[UPDATE], 893, 1
[UPDATE], 894, 1
[UPDATE], 895, 0
[UPDATE], 896, 1
[UPDATE], 897, 1
[UPDATE], 898, 1
[UPDATE], 899, 1
[UPDATE], 900, 0
[UPDATE], 901, 0
[UPDATE], 902, 0
[UPDATE], 903, 1
[UPDATE], 904, 1
[UPDATE], 905, 0
[UPDATE], 906, 0
[UPDATE], 907, 1
[UPDATE], 908, 1
[UPDATE], 909, 0
[UPDATE], 910, 1
[UPDATE], 911, 0
[UPDATE], 912, 1
[UPDATE], 913, 1
[UPDATE], 914, 0
[UPDATE], 915, 1
[UPDATE], 916, 0
[UPDATE], 917, 1
[UPDATE], 918, 1
[UPDATE], 919, 1
[UPDATE], 920, 0
[UPDATE], 921, 1
[UPDATE], 922, 0
[UPDATE], 923, 0
[UPDATE], 924, 1
[UPDATE], 925, 0
[UPDATE], 926, 1
[UPDATE], 927, 0
[UPDATE], 928, 0
[UPDATE], 929, 1
[UPDATE], 930, 1
[UPDATE], 931, 0
[UPDATE], 932, 0
[UPDATE], 933, 1
[UPDATE], 934, 0
[UPDATE], 935, 1
[UPDATE], 936, 0
[UPDATE], 937, 0
[UPDATE], 938, 0
[UPDATE], 939, 0
[UPDATE], 940, 0
[UPDATE], 941, 1
[UPDATE], 942, 1
[UPDATE], 943, 0
[UPDATE], 944, 1
[UPDATE], 945, 1
[UPDATE], 946, 0
[UPDATE], 947, 1
[UPDATE], 948, 1
[UPDATE], 949, 1
[UPDATE], 950, 1
[UPDATE], 951, 1
[UPDATE], 952, 0
[UPDATE], 953, 1
[UPDATE], 954, 0
[UPDATE], 955, 0
[UPDATE], 956, 0
[UPDATE], 957, 1
[UPDATE], 958, 1
[UPDATE], 959, 2
[UPDATE], 960, 1
[UPDATE], 961, 0
[UPDATE], 962, 1
[UPDATE], 963, 0
[UPDATE], 964, 1
[UPDATE], 965, 0
[UPDATE], 966, 1
[UPDATE], 967, 1
[UPDATE], 968, 0
[UPDATE], 969, 0
[UPDATE], 970, 1
[UPDATE], 971, 1
[UPDATE], 972, 0
[UPDATE], 973, 1
[UPDATE], 974, 0
[UPDATE], 975, 0
[UPDATE], 976, 1
[UPDATE], 977, 0
[UPDATE], 978, 1
[UPDATE], 979, 1
[UPDATE], 980, 0
[UPDATE], 981, 1
[UPDATE], 982, 1
[UPDATE], 983, 2
[UPDATE], 984, 1
[UPDATE], 985, 1
[UPDATE], 986, 1
[UPDATE], 987, 0
[UPDATE], 988, 0
[UPDATE], 989, 0
[UPDATE], 990, 0
[UPDATE], 991, 1
[UPDATE], 992, 0
[UPDATE], 993, 1
[UPDATE], 994, 3
[UPDATE], 995, 1
[UPDATE], 996, 2
[UPDATE], 997, 0
[UPDATE], 998, 1
[UPDATE], 999, 0
[UPDATE], >1000, 87
[READ], Operations, 49860
[READ], AverageLatency(us), 41817.92741676695
[READ], MinLatency(us), 655
[READ], MaxLatency(us), 1399703
[READ], 95thPercentileLatency(ms), 98
[READ], 99thPercentileLatency(ms), 392
[READ], Return=0, 49860
[READ], 0, 1753
[READ], 1, 8848
[READ], 2, 1934
[READ], 3, 1199
[READ], 4, 1189
[READ], 5, 519
[READ], 6, 537
[READ], 7, 642
[READ], 8, 784
[READ], 9, 898
[READ], 10, 1115
[READ], 11, 1296
[READ], 12, 623
[READ], 13, 683
[READ], 14, 525
[READ], 15, 811
[READ], 16, 513
[READ], 17, 497
[READ], 18, 256
[READ], 19, 263
[READ], 20, 310
[READ], 21, 538
[READ], 22, 284
[READ], 23, 381
[READ], 24, 496
[READ], 25, 248
[READ], 26, 230
[READ], 27, 539
[READ], 28, 405
[READ], 29, 282
[READ], 30, 264
[READ], 31, 355
[READ], 32, 593
[READ], 33, 428
[READ], 34, 462
[READ], 35, 572
[READ], 36, 572
[READ], 37, 797
[READ], 38, 705
[READ], 39, 559
[READ], 40, 385
[READ], 41, 246
[READ], 42, 139
[READ], 43, 273
[READ], 44, 402
[READ], 45, 255
[READ], 46, 203
[READ], 47, 215
[READ], 48, 203
[READ], 49, 333
[READ], 50, 373
[READ], 51, 233
[READ], 52, 380
[READ], 53, 384
[READ], 54, 454
[READ], 55, 668
[READ], 56, 554
[READ], 57, 366
[READ], 58, 319
[READ], 59, 296
[READ], 60, 165
[READ], 61, 149
[READ], 62, 519
[READ], 63, 373
[READ], 64, 95
[READ], 65, 79
[READ], 66, 126
[READ], 67, 146
[READ], 68, 66
[READ], 69, 128
[READ], 70, 78
[READ], 71, 76
[READ], 72, 141
[READ], 73, 107
[READ], 74, 152
[READ], 75, 274
[READ], 76, 162
[READ], 77, 309
[READ], 78, 279
[READ], 79, 142
[READ], 80, 110
[READ], 81, 85
[READ], 82, 76
[READ], 83, 161
[READ], 84, 165
[READ], 85, 142
[READ], 86, 201
[READ], 87, 181
[READ], 88, 293
[READ], 89, 288
[READ], 90, 237
[READ], 91, 190
[READ], 92, 179
[READ], 93, 138
[READ], 94, 218
[READ], 95, 238
[READ], 96, 186
[READ], 97, 124
[READ], 98, 102
[READ], 99, 53
[READ], 100, 33
[READ], 101, 48
[READ], 102, 50
[READ], 103, 16
[READ], 104, 47
[READ], 105, 88
[READ], 106, 111
[READ], 107, 70
[READ], 108, 61
[READ], 109, 47
[READ], 110, 31
[READ], 111, 64
[READ], 112, 52
[READ], 113, 32
[READ], 114, 52
[READ], 115, 27
[READ], 116, 23
[READ], 117, 26
[READ], 118, 18
[READ], 119, 18
[READ], 120, 8
[READ], 121, 15
[READ], 122, 13
[READ], 123, 12
[READ], 124, 11
[READ], 125, 4
[READ], 126, 7
[READ], 127, 8
[READ], 128, 3
[READ], 129, 3
[READ], 130, 1
[READ], 131, 2
[READ], 132, 6
[READ], 133, 11
[READ], 134, 9
[READ], 135, 2
[READ], 136, 0
[READ], 137, 7
[READ], 138, 3
[READ], 139, 5
[READ], 140, 0
[READ], 141, 4
[READ], 142, 1
[READ], 143, 1
[READ], 144, 0
[READ], 145, 0
[READ], 146, 0
[READ], 147, 2
[READ], 148, 4
[READ], 149, 4
[READ], 150, 3
[READ], 151, 3
[READ], 152, 5
[READ], 153, 7
[READ], 154, 5
[READ], 155, 4
[READ], 156, 2
[READ], 157, 1
[READ], 158, 1
[READ], 159, 2
[READ], 160, 0
[READ], 161, 5
[READ], 162, 2
[READ], 163, 8
[READ], 164, 1
[READ], 165, 3
[READ], 166, 6
[READ], 167, 0
[READ], 168, 3
[READ], 169, 8
[READ], 170, 3
[READ], 171, 2
[READ], 172, 2
[READ], 173, 5
[READ], 174, 7
[READ], 175, 4
[READ], 176, 4
[READ], 177, 3
[READ], 178, 3
[READ], 179, 0
[READ], 180, 0
[READ], 181, 1
[READ], 182, 4
[READ], 183, 3
[READ], 184, 4
[READ], 185, 1
[READ], 186, 3
[READ], 187, 5
[READ], 188, 3
[READ], 189, 2
[READ], 190, 3
[READ], 191, 9
[READ], 192, 5
[READ], 193, 13
[READ], 194, 9
[READ], 195, 5
[READ], 196, 3
[READ], 197, 6
[READ], 198, 3
[READ], 199, 1
[READ], 200, 5
[READ], 201, 2
[READ], 202, 7
[READ], 203, 2
[READ], 204, 1
[READ], 205, 1
[READ], 206, 2
[READ], 207, 3
[READ], 208, 5
[READ], 209, 7
[READ], 210, 10
[READ], 211, 2
[READ], 212, 8
[READ], 213, 6
[READ], 214, 6
[READ], 215, 2
[READ], 216, 11
[READ], 217, 8
[READ], 218, 1
[READ], 219, 0
[READ], 220, 5
[READ], 221, 5
[READ], 222, 5
[READ], 223, 6
[READ], 224, 4
[READ], 225, 4
[READ], 226, 12
[READ], 227, 4
[READ], 228, 1
[READ], 229, 3
[READ], 230, 6
[READ], 231, 2
[READ], 232, 4
[READ], 233, 7
[READ], 234, 3
[READ], 235, 4
[READ], 236, 6
[READ], 237, 2
[READ], 238, 9
[READ], 239, 10
[READ], 240, 4
[READ], 241, 3
[READ], 242, 3
[READ], 243, 4
[READ], 244, 9
[READ], 245, 8
[READ], 246, 8
[READ], 247, 6
[READ], 248, 4
[READ], 249, 4
[READ], 250, 1
[READ], 251, 4
[READ], 252, 4
[READ], 253, 1
[READ], 254, 4
[READ], 255, 5
[READ], 256, 3
[READ], 257, 4
[READ], 258, 0
[READ], 259, 3
[READ], 260, 1
[READ], 261, 0
[READ], 262, 2
[READ], 263, 1
[READ], 264, 3
[READ], 265, 4
[READ], 266, 2
[READ], 267, 7
[READ], 268, 1
[READ], 269, 3
[READ], 270, 3
[READ], 271, 3
[READ], 272, 1
[READ], 273, 3
[READ], 274, 4
[READ], 275, 2
[READ], 276, 0
[READ], 277, 0
[READ], 278, 3
[READ], 279, 6
[READ], 280, 10
[READ], 281, 3
[READ], 282, 6
[READ], 283, 5
[READ], 284, 3
[READ], 285, 6
[READ], 286, 2
[READ], 287, 5
[READ], 288, 7
[READ], 289, 0
[READ], 290, 3
[READ], 291, 5
[READ], 292, 4
[READ], 293, 4
[READ], 294, 2
[READ], 295, 4
[READ], 296, 1
[READ], 297, 0
[READ], 298, 4
[READ], 299, 0
[READ], 300, 1
[READ], 301, 3
[READ], 302, 2
[READ], 303, 1
[READ], 304, 3
[READ], 305, 3
[READ], 306, 1
[READ], 307, 4
[READ], 308, 0
[READ], 309, 6
[READ], 310, 2
[READ], 311, 0
[READ], 312, 3
[READ], 313, 1
[READ], 314, 5
[READ], 315, 1
[READ], 316, 0
[READ], 317, 4
[READ], 318, 4
[READ], 319, 3
[READ], 320, 2
[READ], 321, 2
[READ], 322, 2
[READ], 323, 0
[READ], 324, 0
[READ], 325, 2
[READ], 326, 5
[READ], 327, 3
[READ], 328, 3
[READ], 329, 4
[READ], 330, 2
[READ], 331, 4
[READ], 332, 1
[READ], 333, 2
[READ], 334, 0
[READ], 335, 2
[READ], 336, 4
[READ], 337, 1
[READ], 338, 7
[READ], 339, 0
[READ], 340, 1
[READ], 341, 2
[READ], 342, 0
[READ], 343, 2
[READ], 344, 4
[READ], 345, 7
[READ], 346, 12
[READ], 347, 0
[READ], 348, 2
[READ], 349, 7
[READ], 350, 7
[READ], 351, 7
[READ], 352, 2
[READ], 353, 2
[READ], 354, 3
[READ], 355, 1
[READ], 356, 1
[READ], 357, 2
[READ], 358, 0
[READ], 359, 1
[READ], 360, 1
[READ], 361, 0
[READ], 362, 1
[READ], 363, 2
[READ], 364, 0
[READ], 365, 2
[READ], 366, 0
[READ], 367, 6
[READ], 368, 0
[READ], 369, 2
[READ], 370, 1
[READ], 371, 2
[READ], 372, 0
[READ], 373, 1
[READ], 374, 0
[READ], 375, 1
[READ], 376, 0
[READ], 377, 4
[READ], 378, 1
[READ], 379, 0
[READ], 380, 0
[READ], 381, 0
[READ], 382, 0
[READ], 383, 1
[READ], 384, 1
[READ], 385, 4
[READ], 386, 1
[READ], 387, 4
[READ], 388, 3
[READ], 389, 0
[READ], 390, 2
[READ], 391, 5
[READ], 392, 4
[READ], 393, 1
[READ], 394, 1
[READ], 395, 0
[READ], 396, 1
[READ], 397, 0
[READ], 398, 1
[READ], 399, 1
[READ], 400, 0
[READ], 401, 1
[READ], 402, 0
[READ], 403, 2
[READ], 404, 1
[READ], 405, 2
[READ], 406, 1
[READ], 407, 5
[READ], 408, 2
[READ], 409, 1
[READ], 410, 1
[READ], 411, 1
[READ], 412, 1
[READ], 413, 1
[READ], 414, 4
[READ], 415, 0
[READ], 416, 0
[READ], 417, 2
[READ], 418, 0
[READ], 419, 2
[READ], 420, 1
[READ], 421, 2
[READ], 422, 1
[READ], 423, 1
[READ], 424, 3
[READ], 425, 0
[READ], 426, 6
[READ], 427, 1
[READ], 428, 1
[READ], 429, 0
[READ], 430, 0
[READ], 431, 3
[READ], 432, 2
[READ], 433, 1
[READ], 434, 1
[READ], 435, 3
[READ], 436, 2
[READ], 437, 0
[READ], 438, 0
[READ], 439, 1
[READ], 440, 2
[READ], 441, 1
[READ], 442, 0
[READ], 443, 0
[READ], 444, 1
[READ], 445, 1
[READ], 446, 2
[READ], 447, 1
[READ], 448, 1
[READ], 449, 0
[READ], 450, 0
[READ], 451, 0
[READ], 452, 0
[READ], 453, 0
[READ], 454, 2
[READ], 455, 1
[READ], 456, 0
[READ], 457, 1
[READ], 458, 1
[READ], 459, 2
[READ], 460, 0
[READ], 461, 1
[READ], 462, 3
[READ], 463, 2
[READ], 464, 3
[READ], 465, 0
[READ], 466, 0
[READ], 467, 1
[READ], 468, 0
[READ], 469, 1
[READ], 470, 0
[READ], 471, 0
[READ], 472, 1
[READ], 473, 2
[READ], 474, 1
[READ], 475, 0
[READ], 476, 0
[READ], 477, 0
[READ], 478, 0
[READ], 479, 0
[READ], 480, 0
[READ], 481, 1
[READ], 482, 0
[READ], 483, 0
[READ], 484, 1
[READ], 485, 2
[READ], 486, 2
[READ], 487, 1
[READ], 488, 1
[READ], 489, 2
[READ], 490, 1
[READ], 491, 0
[READ], 492, 1
[READ], 493, 0
[READ], 494, 0
[READ], 495, 2
[READ], 496, 0
[READ], 497, 1
[READ], 498, 2
[READ], 499, 3
[READ], 500, 0
[READ], 501, 2
[READ], 502, 2
[READ], 503, 1
[READ], 504, 1
[READ], 505, 0
[READ], 506, 0
[READ], 507, 2
[READ], 508, 2
[READ], 509, 0
[READ], 510, 0
[READ], 511, 1
[READ], 512, 0
[READ], 513, 0
[READ], 514, 0
[READ], 515, 0
[READ], 516, 0
[READ], 517, 0
[READ], 518, 1
[READ], 519, 0
[READ], 520, 0
[READ], 521, 3
[READ], 522, 4
[READ], 523, 2
[READ], 524, 1
[READ], 525, 0
[READ], 526, 2
[READ], 527, 2
[READ], 528, 1
[READ], 529, 0
[READ], 530, 0
[READ], 531, 0
[READ], 532, 2
[READ], 533, 2
[READ], 534, 1
[READ], 535, 0
[READ], 536, 1
[READ], 537, 0
[READ], 538, 1
[READ], 539, 2
[READ], 540, 1
[READ], 541, 1
[READ], 542, 3
[READ], 543, 2
[READ], 544, 6
[READ], 545, 1
[READ], 546, 0
[READ], 547, 1
[READ], 548, 0
[READ], 549, 0
[READ], 550, 2
[READ], 551, 1
[READ], 552, 0
[READ], 553, 3
[READ], 554, 0
[READ], 555, 1
[READ], 556, 0
[READ], 557, 0
[READ], 558, 0
[READ], 559, 0
[READ], 560, 2
[READ], 561, 1
[READ], 562, 0
[READ], 563, 0
[READ], 564, 2
[READ], 565, 2
[READ], 566, 0
[READ], 567, 0
[READ], 568, 2
[READ], 569, 2
[READ], 570, 1
[READ], 571, 1
[READ], 572, 1
[READ], 573, 1
[READ], 574, 3
[READ], 575, 0
[READ], 576, 1
[READ], 577, 1
[READ], 578, 0
[READ], 579, 1
[READ], 580, 1
[READ], 581, 1
[READ], 582, 3
[READ], 583, 1
[READ], 584, 0
[READ], 585, 0
[READ], 586, 2
[READ], 587, 0
[READ], 588, 0
[READ], 589, 0
[READ], 590, 1
[READ], 591, 2
[READ], 592, 1
[READ], 593, 0
[READ], 594, 1
[READ], 595, 2
[READ], 596, 0
[READ], 597, 0
[READ], 598, 1
[READ], 599, 1
[READ], 600, 0
[READ], 601, 1
[READ], 602, 1
[READ], 603, 3
[READ], 604, 0
[READ], 605, 0
[READ], 606, 0
[READ], 607, 1
[READ], 608, 1
[READ], 609, 1
[READ], 610, 0
[READ], 611, 1
[READ], 612, 0
[READ], 613, 0
[READ], 614, 0
[READ], 615, 0
[READ], 616, 0
[READ], 617, 0
[READ], 618, 1
[READ], 619, 0
[READ], 620, 0
[READ], 621, 0
[READ], 622, 0
[READ], 623, 1
[READ], 624, 1
[READ], 625, 3
[READ], 626, 0
[READ], 627, 2
[READ], 628, 0
[READ], 629, 0
[READ], 630, 0
[READ], 631, 1
[READ], 632, 0
[READ], 633, 0
[READ], 634, 0
[READ], 635, 2
[READ], 636, 1
[READ], 637, 1
[READ], 638, 0
[READ], 639, 0
[READ], 640, 0
[READ], 641, 2
[READ], 642, 0
[READ], 643, 1
[READ], 644, 0
[READ], 645, 0
[READ], 646, 2
[READ], 647, 2
[READ], 648, 0
[READ], 649, 0
[READ], 650, 2
[READ], 651, 1
[READ], 652, 0
[READ], 653, 0
[READ], 654, 0
[READ], 655, 0
[READ], 656, 0
[READ], 657, 1
[READ], 658, 0
[READ], 659, 0
[READ], 660, 0
[READ], 661, 1
[READ], 662, 0
[READ], 663, 0
[READ], 664, 4
[READ], 665, 1
[READ], 666, 0
[READ], 667, 2
[READ], 668, 0
[READ], 669, 0
[READ], 670, 0
[READ], 671, 1
[READ], 672, 0
[READ], 673, 1
[READ], 674, 1
[READ], 675, 0
[READ], 676, 0
[READ], 677, 0
[READ], 678, 1
[READ], 679, 3
[READ], 680, 0
[READ], 681, 0
[READ], 682, 0
[READ], 683, 0
[READ], 684, 0
[READ], 685, 2
[READ], 686, 0
[READ], 687, 0
[READ], 688, 0
[READ], 689, 0
[READ], 690, 0
[READ], 691, 0
[READ], 692, 0
[READ], 693, 0
[READ], 694, 1
[READ], 695, 0
[READ], 696, 0
[READ], 697, 0
[READ], 698, 0
[READ], 699, 0
[READ], 700, 0
[READ], 701, 0
[READ], 702, 3
[READ], 703, 2
[READ], 704, 0
[READ], 705, 1
[READ], 706, 0
[READ], 707, 0
[READ], 708, 0
[READ], 709, 0
[READ], 710, 0
[READ], 711, 0
[READ], 712, 0
[READ], 713, 0
[READ], 714, 0
[READ], 715, 0
[READ], 716, 0
[READ], 717, 0
[READ], 718, 0
[READ], 719, 0
[READ], 720, 0
[READ], 721, 0
[READ], 722, 0
[READ], 723, 0
[READ], 724, 0
[READ], 725, 0
[READ], 726, 0
[READ], 727, 0
[READ], 728, 0
[READ], 729, 0
[READ], 730, 0
[READ], 731, 0
[READ], 732, 0
[READ], 733, 0
[READ], 734, 0
[READ], 735, 0
[READ], 736, 0
[READ], 737, 0
[READ], 738, 0
[READ], 739, 0
[READ], 740, 0
[READ], 741, 0
[READ], 742, 0
[READ], 743, 0
[READ], 744, 0
[READ], 745, 0
[READ], 746, 0
[READ], 747, 0
[READ], 748, 0
[READ], 749, 0
[READ], 750, 0
[READ], 751, 0
[READ], 752, 0
[READ], 753, 0
[READ], 754, 0
[READ], 755, 0
[READ], 756, 0
[READ], 757, 0
[READ], 758, 0
[READ], 759, 0
[READ], 760, 0
[READ], 761, 0
[READ], 762, 0
[READ], 763, 0
[READ], 764, 0
[READ], 765, 0
[READ], 766, 0
[READ], 767, 0
[READ], 768, 0
[READ], 769, 0
[READ], 770, 0
[READ], 771, 0
[READ], 772, 0
[READ], 773, 0
[READ], 774, 0
[READ], 775, 0
[READ], 776, 0
[READ], 777, 0
[READ], 778, 0
[READ], 779, 0
[READ], 780, 0
[READ], 781, 0
[READ], 782, 0
[READ], 783, 0
[READ], 784, 0
[READ], 785, 0
[READ], 786, 0
[READ], 787, 0
[READ], 788, 0
[READ], 789, 0
[READ], 790, 0
[READ], 791, 0
[READ], 792, 0
[READ], 793, 0
[READ], 794, 0
[READ], 795, 0
[READ], 796, 0
[READ], 797, 0
[READ], 798, 0
[READ], 799, 0
[READ], 800, 0
[READ], 801, 0
[READ], 802, 0
[READ], 803, 0
[READ], 804, 0
[READ], 805, 0
[READ], 806, 0
[READ], 807, 0
[READ], 808, 0
[READ], 809, 0
[READ], 810, 0
[READ], 811, 0
[READ], 812, 0
[READ], 813, 0
[READ], 814, 0
[READ], 815, 0
[READ], 816, 0
[READ], 817, 0
[READ], 818, 0
[READ], 819, 0
[READ], 820, 0
[READ], 821, 0
[READ], 822, 0
[READ], 823, 0
[READ], 824, 0
[READ], 825, 0
[READ], 826, 0
[READ], 827, 0
[READ], 828, 0
[READ], 829, 0
[READ], 830, 0
[READ], 831, 0
[READ], 832, 0
[READ], 833, 0
[READ], 834, 0
[READ], 835, 0
[READ], 836, 0
[READ], 837, 0
[READ], 838, 0
[READ], 839, 0
[READ], 840, 0
[READ], 841, 0
[READ], 842, 0
[READ], 843, 0
[READ], 844, 0
[READ], 845, 0
[READ], 846, 0
[READ], 847, 0
[READ], 848, 0
[READ], 849, 0
[READ], 850, 0
[READ], 851, 0
[READ], 852, 0
[READ], 853, 0
[READ], 854, 0
[READ], 855, 0
[READ], 856, 0
[READ], 857, 0
[READ], 858, 0
[READ], 859, 0
[READ], 860, 0
[READ], 861, 0
[READ], 862, 0
[READ], 863, 0
[READ], 864, 0
[READ], 865, 0
[READ], 866, 0
[READ], 867, 0
[READ], 868, 0
[READ], 869, 0
[READ], 870, 0
[READ], 871, 0
[READ], 872, 0
[READ], 873, 0
[READ], 874, 0
[READ], 875, 0
[READ], 876, 0
[READ], 877, 0
[READ], 878, 0
[READ], 879, 0
[READ], 880, 0
[READ], 881, 0
[READ], 882, 0
[READ], 883, 0
[READ], 884, 0
[READ], 885, 0
[READ], 886, 0
[READ], 887, 0
[READ], 888, 0
[READ], 889, 0
[READ], 890, 0
[READ], 891, 0
[READ], 892, 0
[READ], 893, 0
[READ], 894, 0
[READ], 895, 0
[READ], 896, 0
[READ], 897, 0
[READ], 898, 0
[READ], 899, 0
[READ], 900, 0
[READ], 901, 0
[READ], 902, 0
[READ], 903, 0
[READ], 904, 0
[READ], 905, 0
[READ], 906, 0
[READ], 907, 0
[READ], 908, 0
[READ], 909, 0
[READ], 910, 0
[READ], 911, 0
[READ], 912, 0
[READ], 913, 0
[READ], 914, 0
[READ], 915, 0
[READ], 916, 0
[READ], 917, 0
[READ], 918, 0
[READ], 919, 0
[READ], 920, 0
[READ], 921, 0
[READ], 922, 0
[READ], 923, 0
[READ], 924, 0
[READ], 925, 0
[READ], 926, 0
[READ], 927, 0
[READ], 928, 0
[READ], 929, 0
[READ], 930, 0
[READ], 931, 0
[READ], 932, 0
[READ], 933, 0
[READ], 934, 0
[READ], 935, 0
[READ], 936, 0
[READ], 937, 0
[READ], 938, 0
[READ], 939, 0
[READ], 940, 0
[READ], 941, 0
[READ], 942, 0
[READ], 943, 0
[READ], 944, 0
[READ], 945, 0
[READ], 946, 0
[READ], 947, 0
[READ], 948, 0
[READ], 949, 0
[READ], 950, 0
[READ], 951, 0
[READ], 952, 0
[READ], 953, 0
[READ], 954, 0
[READ], 955, 0
[READ], 956, 0
[READ], 957, 0
[READ], 958, 0
[READ], 959, 0
[READ], 960, 0
[READ], 961, 0
[READ], 962, 0
[READ], 963, 0
[READ], 964, 0
[READ], 965, 0
[READ], 966, 0
[READ], 967, 0
[READ], 968, 0
[READ], 969, 0
[READ], 970, 0
[READ], 971, 0
[READ], 972, 0
[READ], 973, 0
[READ], 974, 0
[READ], 975, 0
[READ], 976, 0
[READ], 977, 0
[READ], 978, 0
[READ], 979, 0
[READ], 980, 0
[READ], 981, 0
[READ], 982, 0
[READ], 983, 0
[READ], 984, 0
[READ], 985, 0
[READ], 986, 0
[READ], 987, 0
[READ], 988, 0
[READ], 989, 0
[READ], 990, 0
[READ], 991, 0
[READ], 992, 0
[READ], 993, 0
[READ], 994, 0
[READ], 995, 0
[READ], 996, 0
[READ], 997, 0
[READ], 998, 0
[READ], 999, 0
[READ], >1000, 230
java -cp /home/r/raghav/YCSB-0.1.4/nosqldb/src/main/conf:/home/r/raghav/YCSB-0.1.4/voldemort/src/main/conf:/home/r/raghav/YCSB-0.1.4/hbase/target/hbase-binding-0.1.4.jar:/home/r/raghav/YCSB-0.1.4/hbase/target/archive-tmp/hbase-binding-0.1.4.jar:/home/r/raghav/YCSB-0.1.4/hbase/src/main/conf:/home/r/raghav/YCSB-0.1.4/gemfire/src/main/conf:/home/r/raghav/YCSB-0.1.4/infinispan/src/main/conf:/home/r/raghav/YCSB-0.1.4/jdbc/src/main/conf:/home/r/raghav/YCSB-0.1.4/core/target/core-0.1.4.jar com.yahoo.ycsb.Client -db com.yahoo.ycsb.db.HBaseClient -P workloads/workloada -P large.dat -p columnfamily=family -threads 500 -target 25000 -t
